Running on host node003
Time is Qua Mar 20 02:30:30 -03 2019
Directory is /home/david/git-repos/jobs
Slurm job ID is 5089
This job runs on the following machines:
node003
Running /home/david/vp368cpu/bin/python /home/david/git-repos/jobs/tuning_regression_precipitation_W1.py
Using TensorFlow backend.
Using TensorFlow backend.
WARNING:tensorflow:From /home/david/vp368cpu/lib/python3.6/site-packages/tensorflow/python/framework/op_def_library.py:263: colocate_with (from tensorflow.python.framework.ops) is deprecated and will be removed in a future version.
Instructions for updating:
Colocations handled automatically by placer.
Using TensorFlow backend.
WARNING:tensorflow:From /home/david/vp368cpu/lib/python3.6/site-packages/tensorflow/python/framework/op_def_library.py:263: colocate_with (from tensorflow.python.framework.ops) is deprecated and will be removed in a future version.
Instructions for updating:
Colocations handled automatically by placer.
Using TensorFlow backend.
WARNING:tensorflow:From /home/david/vp368cpu/lib/python3.6/site-packages/tensorflow/python/framework/op_def_library.py:263: colocate_with (from tensorflow.python.framework.ops) is deprecated and will be removed in a future version.
Instructions for updating:
Colocations handled automatically by placer.
Using TensorFlow backend.
WARNING:tensorflow:From /home/david/vp368cpu/lib/python3.6/site-packages/tensorflow/python/framework/op_def_library.py:263: colocate_with (from tensorflow.python.framework.ops) is deprecated and will be removed in a future version.
Instructions for updating:
Colocations handled automatically by placer.
Using TensorFlow backend.
WARNING:tensorflow:From /home/david/vp368cpu/lib/python3.6/site-packages/tensorflow/python/framework/op_def_library.py:263: colocate_with (from tensorflow.python.framework.ops) is deprecated and will be removed in a future version.
Instructions for updating:
Colocations handled automatically by placer.
Using TensorFlow backend.
WARNING:tensorflow:From /home/david/vp368cpu/lib/python3.6/site-packages/tensorflow/python/framework/op_def_library.py:263: colocate_with (from tensorflow.python.framework.ops) is deprecated and will be removed in a future version.
Instructions for updating:
Colocations handled automatically by placer.
Using TensorFlow backend.
WARNING:tensorflow:From /home/david/vp368cpu/lib/python3.6/site-packages/tensorflow/python/framework/op_def_library.py:263: colocate_with (from tensorflow.python.framework.ops) is deprecated and will be removed in a future version.
Instructions for updating:
Colocations handled automatically by placer.
Using TensorFlow backend.
WARNING:tensorflow:From /home/david/vp368cpu/lib/python3.6/site-packages/tensorflow/python/framework/op_def_library.py:263: colocate_with (from tensorflow.python.framework.ops) is deprecated and will be removed in a future version.
Instructions for updating:
Colocations handled automatically by placer.
Using TensorFlow backend.
WARNING:tensorflow:From /home/david/vp368cpu/lib/python3.6/site-packages/tensorflow/python/framework/op_def_library.py:263: colocate_with (from tensorflow.python.framework.ops) is deprecated and will be removed in a future version.
Instructions for updating:
Colocations handled automatically by placer.
Using TensorFlow backend.
WARNING:tensorflow:From /home/david/vp368cpu/lib/python3.6/site-packages/tensorflow/python/framework/op_def_library.py:263: colocate_with (from tensorflow.python.framework.ops) is deprecated and will be removed in a future version.
Instructions for updating:
Colocations handled automatically by placer.
Using TensorFlow backend.
WARNING:tensorflow:From /home/david/vp368cpu/lib/python3.6/site-packages/tensorflow/python/framework/op_def_library.py:263: colocate_with (from tensorflow.python.framework.ops) is deprecated and will be removed in a future version.
Instructions for updating:
Colocations handled automatically by placer.
Using TensorFlow backend.
WARNING:tensorflow:From /home/david/vp368cpu/lib/python3.6/site-packages/tensorflow/python/framework/op_def_library.py:263: colocate_with (from tensorflow.python.framework.ops) is deprecated and will be removed in a future version.
Instructions for updating:
Colocations handled automatically by placer.
Using TensorFlow backend.
WARNING:tensorflow:From /home/david/vp368cpu/lib/python3.6/site-packages/tensorflow/python/framework/op_def_library.py:263: colocate_with (from tensorflow.python.framework.ops) is deprecated and will be removed in a future version.
Instructions for updating:
Colocations handled automatically by placer.
Using TensorFlow backend.
WARNING:tensorflow:From /home/david/vp368cpu/lib/python3.6/site-packages/tensorflow/python/framework/op_def_library.py:263: colocate_with (from tensorflow.python.framework.ops) is deprecated and will be removed in a future version.
Instructions for updating:
Colocations handled automatically by placer.
Using TensorFlow backend.
WARNING:tensorflow:From /home/david/vp368cpu/lib/python3.6/site-packages/tensorflow/python/framework/op_def_library.py:263: colocate_with (from tensorflow.python.framework.ops) is deprecated and will be removed in a future version.
Instructions for updating:
Colocations handled automatically by placer.
Using TensorFlow backend.
WARNING:tensorflow:From /home/david/vp368cpu/lib/python3.6/site-packages/tensorflow/python/framework/op_def_library.py:263: colocate_with (from tensorflow.python.framework.ops) is deprecated and will be removed in a future version.
Instructions for updating:
Colocations handled automatically by placer.
Using TensorFlow backend.
WARNING:tensorflow:From /home/david/vp368cpu/lib/python3.6/site-packages/tensorflow/python/framework/op_def_library.py:263: colocate_with (from tensorflow.python.framework.ops) is deprecated and will be removed in a future version.
Instructions for updating:
Colocations handled automatically by placer.
Using TensorFlow backend.
WARNING:tensorflow:From /home/david/vp368cpu/lib/python3.6/site-packages/tensorflow/python/framework/op_def_library.py:263: colocate_with (from tensorflow.python.framework.ops) is deprecated and will be removed in a future version.
Instructions for updating:
Colocations handled automatically by placer.
Using TensorFlow backend.
WARNING:tensorflow:From /home/david/vp368cpu/lib/python3.6/site-packages/tensorflow/python/framework/op_def_library.py:263: colocate_with (from tensorflow.python.framework.ops) is deprecated and will be removed in a future version.
Instructions for updating:
Colocations handled automatically by placer.
Using TensorFlow backend.
WARNING:tensorflow:From /home/david/vp368cpu/lib/python3.6/site-packages/tensorflow/python/framework/op_def_library.py:263: colocate_with (from tensorflow.python.framework.ops) is deprecated and will be removed in a future version.
Instructions for updating:
Colocations handled automatically by placer.
WARNING:tensorflow:From /home/david/vp368cpu/lib/python3.6/site-packages/tensorflow/python/ops/math_ops.py:3066: to_int32 (from tensorflow.python.ops.math_ops) is deprecated and will be removed in a future version.
Instructions for updating:
Use tf.cast instead.
WARNING:tensorflow:From /home/david/vp368cpu/lib/python3.6/site-packages/tensorflow/python/ops/math_ops.py:3066: to_int32 (from tensorflow.python.ops.math_ops) is deprecated and will be removed in a future version.
Instructions for updating:
Use tf.cast instead.
WARNING:tensorflow:From /home/david/vp368cpu/lib/python3.6/site-packages/tensorflow/python/ops/math_ops.py:3066: to_int32 (from tensorflow.python.ops.math_ops) is deprecated and will be removed in a future version.
Instructions for updating:
Use tf.cast instead.
WARNING:tensorflow:From /home/david/vp368cpu/lib/python3.6/site-packages/tensorflow/python/ops/math_ops.py:3066: to_int32 (from tensorflow.python.ops.math_ops) is deprecated and will be removed in a future version.
Instructions for updating:
Use tf.cast instead.
WARNING:tensorflow:From /home/david/vp368cpu/lib/python3.6/site-packages/tensorflow/python/ops/math_ops.py:3066: to_int32 (from tensorflow.python.ops.math_ops) is deprecated and will be removed in a future version.
Instructions for updating:
Use tf.cast instead.
WARNING:tensorflow:From /home/david/vp368cpu/lib/python3.6/site-packages/tensorflow/python/ops/math_ops.py:3066: to_int32 (from tensorflow.python.ops.math_ops) is deprecated and will be removed in a future version.
Instructions for updating:
Use tf.cast instead.
WARNING:tensorflow:From /home/david/vp368cpu/lib/python3.6/site-packages/tensorflow/python/ops/math_ops.py:3066: to_int32 (from tensorflow.python.ops.math_ops) is deprecated and will be removed in a future version.
Instructions for updating:
Use tf.cast instead.
WARNING:tensorflow:From /home/david/vp368cpu/lib/python3.6/site-packages/tensorflow/python/ops/math_ops.py:3066: to_int32 (from tensorflow.python.ops.math_ops) is deprecated and will be removed in a future version.
Instructions for updating:
Use tf.cast instead.
WARNING:tensorflow:From /home/david/vp368cpu/lib/python3.6/site-packages/tensorflow/python/ops/math_ops.py:3066: to_int32 (from tensorflow.python.ops.math_ops) is deprecated and will be removed in a future version.
Instructions for updating:
Use tf.cast instead.
WARNING:tensorflow:From /home/david/vp368cpu/lib/python3.6/site-packages/tensorflow/python/ops/math_ops.py:3066: to_int32 (from tensorflow.python.ops.math_ops) is deprecated and will be removed in a future version.
Instructions for updating:
Use tf.cast instead.
WARNING:tensorflow:From /home/david/vp368cpu/lib/python3.6/site-packages/tensorflow/python/ops/math_ops.py:3066: to_int32 (from tensorflow.python.ops.math_ops) is deprecated and will be removed in a future version.
Instructions for updating:
Use tf.cast instead.
WARNING:tensorflow:From /home/david/vp368cpu/lib/python3.6/site-packages/tensorflow/python/ops/math_ops.py:3066: to_int32 (from tensorflow.python.ops.math_ops) is deprecated and will be removed in a future version.
Instructions for updating:
Use tf.cast instead.
WARNING:tensorflow:From /home/david/vp368cpu/lib/python3.6/site-packages/tensorflow/python/ops/math_ops.py:3066: to_int32 (from tensorflow.python.ops.math_ops) is deprecated and will be removed in a future version.
Instructions for updating:
Use tf.cast instead.
WARNING:tensorflow:From /home/david/vp368cpu/lib/python3.6/site-packages/tensorflow/python/ops/math_ops.py:3066: to_int32 (from tensorflow.python.ops.math_ops) is deprecated and will be removed in a future version.
Instructions for updating:
Use tf.cast instead.
WARNING:tensorflow:From /home/david/vp368cpu/lib/python3.6/site-packages/tensorflow/python/ops/math_ops.py:3066: to_int32 (from tensorflow.python.ops.math_ops) is deprecated and will be removed in a future version.
Instructions for updating:
Use tf.cast instead.
WARNING:tensorflow:From /home/david/vp368cpu/lib/python3.6/site-packages/tensorflow/python/ops/math_ops.py:3066: to_int32 (from tensorflow.python.ops.math_ops) is deprecated and will be removed in a future version.
Instructions for updating:
Use tf.cast instead.
WARNING:tensorflow:From /home/david/vp368cpu/lib/python3.6/site-packages/tensorflow/python/ops/math_ops.py:3066: to_int32 (from tensorflow.python.ops.math_ops) is deprecated and will be removed in a future version.
Instructions for updating:
Use tf.cast instead.
WARNING:tensorflow:From /home/david/vp368cpu/lib/python3.6/site-packages/tensorflow/python/ops/math_ops.py:3066: to_int32 (from tensorflow.python.ops.math_ops) is deprecated and will be removed in a future version.
Instructions for updating:
Use tf.cast instead.
WARNING:tensorflow:From /home/david/vp368cpu/lib/python3.6/site-packages/tensorflow/python/ops/math_ops.py:3066: to_int32 (from tensorflow.python.ops.math_ops) is deprecated and will be removed in a future version.
Instructions for updating:
Use tf.cast instead.
WARNING:tensorflow:From /home/david/vp368cpu/lib/python3.6/site-packages/tensorflow/python/ops/math_ops.py:3066: to_int32 (from tensorflow.python.ops.math_ops) is deprecated and will be removed in a future version.
Instructions for updating:
Use tf.cast instead.
2019-03-20 02:30:51.955904: I tensorflow/core/platform/profile_utils/cpu_utils.cc:94] CPU Frequency: 2200010000 Hz
2019-03-20 02:30:51.955918: I tensorflow/core/platform/profile_utils/cpu_utils.cc:94] CPU Frequency: 2200010000 Hz
2019-03-20 02:30:51.955911: I tensorflow/core/platform/profile_utils/cpu_utils.cc:94] CPU Frequency: 2200010000 Hz
2019-03-20 02:30:51.955918: I tensorflow/core/platform/profile_utils/cpu_utils.cc:94] CPU Frequency: 2200010000 Hz
2019-03-20 02:30:51.955912: I tensorflow/core/platform/profile_utils/cpu_utils.cc:94] CPU Frequency: 2200010000 Hz
2019-03-20 02:30:51.955917: I tensorflow/core/platform/profile_utils/cpu_utils.cc:94] CPU Frequency: 2200010000 Hz
2019-03-20 02:30:51.955926: I tensorflow/core/platform/profile_utils/cpu_utils.cc:94] CPU Frequency: 2200010000 Hz
2019-03-20 02:30:51.955918: I tensorflow/core/platform/profile_utils/cpu_utils.cc:94] CPU Frequency: 2200010000 Hz
2019-03-20 02:30:51.955941: I tensorflow/core/platform/profile_utils/cpu_utils.cc:94] CPU Frequency: 2200010000 Hz
2019-03-20 02:30:51.955929: I tensorflow/core/platform/profile_utils/cpu_utils.cc:94] CPU Frequency: 2200010000 Hz
2019-03-20 02:30:51.955955: I tensorflow/core/platform/profile_utils/cpu_utils.cc:94] CPU Frequency: 2200010000 Hz
2019-03-20 02:30:51.955980: I tensorflow/core/platform/profile_utils/cpu_utils.cc:94] CPU Frequency: 2200010000 Hz
2019-03-20 02:30:51.955984: I tensorflow/core/platform/profile_utils/cpu_utils.cc:94] CPU Frequency: 2200010000 Hz
2019-03-20 02:30:51.955984: I tensorflow/core/platform/profile_utils/cpu_utils.cc:94] CPU Frequency: 2200010000 Hz
2019-03-20 02:30:51.955986: I tensorflow/core/platform/profile_utils/cpu_utils.cc:94] CPU Frequency: 2200010000 Hz
2019-03-20 02:30:51.955991: I tensorflow/core/platform/profile_utils/cpu_utils.cc:94] CPU Frequency: 2200010000 Hz
2019-03-20 02:30:51.956024: I tensorflow/core/platform/profile_utils/cpu_utils.cc:94] CPU Frequency: 2200010000 Hz
2019-03-20 02:30:51.956200: I tensorflow/core/platform/profile_utils/cpu_utils.cc:94] CPU Frequency: 2200010000 Hz
2019-03-20 02:30:51.956295: I tensorflow/core/platform/profile_utils/cpu_utils.cc:94] CPU Frequency: 2200010000 Hz
2019-03-20 02:30:51.956374: I tensorflow/core/platform/profile_utils/cpu_utils.cc:94] CPU Frequency: 2200010000 Hz
2019-03-20 02:30:51.956649: I tensorflow/compiler/xla/service/service.cc:150] XLA service 0x3aec4d0 executing computations on platform Host. Devices:
2019-03-20 02:30:51.956716: I tensorflow/compiler/xla/service/service.cc:158]   StreamExecutor device (0): <undefined>, <undefined>
2019-03-20 02:30:51.956765: I tensorflow/compiler/xla/service/service.cc:150] XLA service 0x3aec5c0 executing computations on platform Host. Devices:
2019-03-20 02:30:51.956792: I tensorflow/compiler/xla/service/service.cc:158]   StreamExecutor device (0): <undefined>, <undefined>
2019-03-20 02:30:51.956977: I tensorflow/compiler/xla/service/service.cc:150] XLA service 0x3aedd90 executing computations on platform Host. Devices:
2019-03-20 02:30:51.957000: I tensorflow/compiler/xla/service/service.cc:158]   StreamExecutor device (0): <undefined>, <undefined>
2019-03-20 02:30:51.956997: I tensorflow/compiler/xla/service/service.cc:150] XLA service 0x3aed3a0 executing computations on platform Host. Devices:
2019-03-20 02:30:51.957021: I tensorflow/compiler/xla/service/service.cc:158]   StreamExecutor device (0): <undefined>, <undefined>
2019-03-20 02:30:51.957059: I tensorflow/compiler/xla/service/service.cc:150] XLA service 0x3aece30 executing computations on platform Host. Devices:
2019-03-20 02:30:51.957084: I tensorflow/compiler/xla/service/service.cc:158]   StreamExecutor device (0): <undefined>, <undefined>
2019-03-20 02:30:51.957151: I tensorflow/compiler/xla/service/service.cc:150] XLA service 0x3aec6a0 executing computations on platform Host. Devices:
2019-03-20 02:30:51.957252: I tensorflow/compiler/xla/service/service.cc:150] XLA service 0x3aec660 executing computations on platform Host. Devices:
2019-03-20 02:30:51.957252: I tensorflow/compiler/xla/service/service.cc:150] XLA service 0x3aed3c0 executing computations on platform Host. Devices:
2019-03-20 02:30:51.957279: I tensorflow/compiler/xla/service/service.cc:158]   StreamExecutor device (0): <undefined>, <undefined>
2019-03-20 02:30:51.957406: I tensorflow/compiler/xla/service/service.cc:150] XLA service 0x3aec800 executing computations on platform Host. Devices:
2019-03-20 02:30:51.957430: I tensorflow/compiler/xla/service/service.cc:158]   StreamExecutor device (0): <undefined>, <undefined>
2019-03-20 02:30:51.957443: I tensorflow/compiler/xla/service/service.cc:150] XLA service 0x3aec5b0 executing computations on platform Host. Devices:
2019-03-20 02:30:51.957463: I tensorflow/compiler/xla/service/service.cc:150] XLA service 0x3aed590 executing computations on platform Host. Devices:
2019-03-20 02:30:51.957495: I tensorflow/compiler/xla/service/service.cc:158]   StreamExecutor device (0): <undefined>, <undefined>
2019-03-20 02:30:51.957523: I tensorflow/compiler/xla/service/service.cc:158]   StreamExecutor device (0): <undefined>, <undefined>
2019-03-20 02:30:51.957573: I tensorflow/compiler/xla/service/service.cc:150] XLA service 0x3aecac0 executing computations on platform Host. Devices:
2019-03-20 02:30:51.957583: I tensorflow/compiler/xla/service/service.cc:158]   StreamExecutor device (0): <undefined>, <undefined>
2019-03-20 02:30:51.957598: I tensorflow/compiler/xla/service/service.cc:158]   StreamExecutor device (0): <undefined>, <undefined>
2019-03-20 02:30:51.957616: I tensorflow/compiler/xla/service/service.cc:158]   StreamExecutor device (0): <undefined>, <undefined>
2019-03-20 02:30:51.957612: I tensorflow/compiler/xla/service/service.cc:150] XLA service 0x3aed760 executing computations on platform Host. Devices:
2019-03-20 02:30:51.957613: I tensorflow/compiler/xla/service/service.cc:150] XLA service 0x3aec630 executing computations on platform Host. Devices:
2019-03-20 02:30:51.957643: I tensorflow/compiler/xla/service/service.cc:158]   StreamExecutor device (0): <undefined>, <undefined>
2019-03-20 02:30:51.957648: I tensorflow/compiler/xla/service/service.cc:158]   StreamExecutor device (0): <undefined>, <undefined>
2019-03-20 02:30:51.957643: I tensorflow/compiler/xla/service/service.cc:150] XLA service 0x3aeca50 executing computations on platform Host. Devices:
2019-03-20 02:30:51.957644: I tensorflow/compiler/xla/service/service.cc:150] XLA service 0x3aed420 executing computations on platform Host. Devices:
2019-03-20 02:30:51.957668: I tensorflow/compiler/xla/service/service.cc:158]   StreamExecutor device (0): <undefined>, <undefined>
2019-03-20 02:30:51.957697: I tensorflow/compiler/xla/service/service.cc:158]   StreamExecutor device (0): <undefined>, <undefined>
2019-03-20 02:30:51.957707: I tensorflow/compiler/xla/service/service.cc:150] XLA service 0x3aec6f0 executing computations on platform Host. Devices:
2019-03-20 02:30:51.957731: I tensorflow/compiler/xla/service/service.cc:158]   StreamExecutor device (0): <undefined>, <undefined>
2019-03-20 02:30:51.957781: I tensorflow/compiler/xla/service/service.cc:150] XLA service 0x3aec620 executing computations on platform Host. Devices:
2019-03-20 02:30:51.957802: I tensorflow/compiler/xla/service/service.cc:158]   StreamExecutor device (0): <undefined>, <undefined>
2019-03-20 02:30:51.957845: I tensorflow/compiler/xla/service/service.cc:150] XLA service 0x3aeca50 executing computations on platform Host. Devices:
2019-03-20 02:30:51.957855: I tensorflow/compiler/xla/service/service.cc:150] XLA service 0x3aece40 executing computations on platform Host. Devices:
2019-03-20 02:30:51.957866: I tensorflow/compiler/xla/service/service.cc:158]   StreamExecutor device (0): <undefined>, <undefined>
2019-03-20 02:30:51.957883: I tensorflow/compiler/xla/service/service.cc:158]   StreamExecutor device (0): <undefined>, <undefined>
WARNING:tensorflow:From /home/david/vp368cpu/lib/python3.6/site-packages/tensorflow/python/framework/op_def_library.py:263: colocate_with (from tensorflow.python.framework.ops) is deprecated and will be removed in a future version.
Instructions for updating:
Colocations handled automatically by placer.
WARNING:tensorflow:From /home/david/vp368cpu/lib/python3.6/site-packages/tensorflow/python/ops/math_ops.py:3066: to_int32 (from tensorflow.python.ops.math_ops) is deprecated and will be removed in a future version.
Instructions for updating:
Use tf.cast instead.
2019-03-20 06:01:21.305250: I tensorflow/core/platform/profile_utils/cpu_utils.cc:94] CPU Frequency: 2200010000 Hz
2019-03-20 06:01:21.306496: I tensorflow/compiler/xla/service/service.cc:150] XLA service 0x5497050 executing computations on platform Host. Devices:
2019-03-20 06:01:21.306534: I tensorflow/compiler/xla/service/service.cc:158]   StreamExecutor device (0): <undefined>, <undefined>
Time passed: 3hour:51min:19sec

real	231m35.162s
user	3476m19.848s
sys	593m50.895s
