Running on host node001
Time is Qua Mar 20 03:30:49 -03 2019
Directory is /home/david/git-repos/jobs
Slurm job ID is 5093
This job runs on the following machines:
node001
Running /home/david/vp368cpu/bin/python /home/david/git-repos/jobs/tuning_regression_precipitation_W3.py
Using TensorFlow backend.
Using TensorFlow backend.
WARNING:tensorflow:From /home/david/vp368cpu/lib/python3.6/site-packages/tensorflow/python/framework/op_def_library.py:263: colocate_with (from tensorflow.python.framework.ops) is deprecated and will be removed in a future version.
Instructions for updating:
Colocations handled automatically by placer.
Using TensorFlow backend.
WARNING:tensorflow:From /home/david/vp368cpu/lib/python3.6/site-packages/tensorflow/python/framework/op_def_library.py:263: colocate_with (from tensorflow.python.framework.ops) is deprecated and will be removed in a future version.
Instructions for updating:
Colocations handled automatically by placer.
Using TensorFlow backend.
WARNING:tensorflow:From /home/david/vp368cpu/lib/python3.6/site-packages/tensorflow/python/framework/op_def_library.py:263: colocate_with (from tensorflow.python.framework.ops) is deprecated and will be removed in a future version.
Instructions for updating:
Colocations handled automatically by placer.
Using TensorFlow backend.
WARNING:tensorflow:From /home/david/vp368cpu/lib/python3.6/site-packages/tensorflow/python/framework/op_def_library.py:263: colocate_with (from tensorflow.python.framework.ops) is deprecated and will be removed in a future version.
Instructions for updating:
Colocations handled automatically by placer.
Using TensorFlow backend.
WARNING:tensorflow:From /home/david/vp368cpu/lib/python3.6/site-packages/tensorflow/python/framework/op_def_library.py:263: colocate_with (from tensorflow.python.framework.ops) is deprecated and will be removed in a future version.
Instructions for updating:
Colocations handled automatically by placer.
Using TensorFlow backend.
WARNING:tensorflow:From /home/david/vp368cpu/lib/python3.6/site-packages/tensorflow/python/framework/op_def_library.py:263: colocate_with (from tensorflow.python.framework.ops) is deprecated and will be removed in a future version.
Instructions for updating:
Colocations handled automatically by placer.
Using TensorFlow backend.
WARNING:tensorflow:From /home/david/vp368cpu/lib/python3.6/site-packages/tensorflow/python/framework/op_def_library.py:263: colocate_with (from tensorflow.python.framework.ops) is deprecated and will be removed in a future version.
Instructions for updating:
Colocations handled automatically by placer.
Using TensorFlow backend.
WARNING:tensorflow:From /home/david/vp368cpu/lib/python3.6/site-packages/tensorflow/python/framework/op_def_library.py:263: colocate_with (from tensorflow.python.framework.ops) is deprecated and will be removed in a future version.
Instructions for updating:
Colocations handled automatically by placer.
Using TensorFlow backend.
WARNING:tensorflow:From /home/david/vp368cpu/lib/python3.6/site-packages/tensorflow/python/framework/op_def_library.py:263: colocate_with (from tensorflow.python.framework.ops) is deprecated and will be removed in a future version.
Instructions for updating:
Colocations handled automatically by placer.
Using TensorFlow backend.
WARNING:tensorflow:From /home/david/vp368cpu/lib/python3.6/site-packages/tensorflow/python/framework/op_def_library.py:263: colocate_with (from tensorflow.python.framework.ops) is deprecated and will be removed in a future version.
Instructions for updating:
Colocations handled automatically by placer.
Using TensorFlow backend.
WARNING:tensorflow:From /home/david/vp368cpu/lib/python3.6/site-packages/tensorflow/python/framework/op_def_library.py:263: colocate_with (from tensorflow.python.framework.ops) is deprecated and will be removed in a future version.
Instructions for updating:
Colocations handled automatically by placer.
Using TensorFlow backend.
WARNING:tensorflow:From /home/david/vp368cpu/lib/python3.6/site-packages/tensorflow/python/framework/op_def_library.py:263: colocate_with (from tensorflow.python.framework.ops) is deprecated and will be removed in a future version.
Instructions for updating:
Colocations handled automatically by placer.
Using TensorFlow backend.
WARNING:tensorflow:From /home/david/vp368cpu/lib/python3.6/site-packages/tensorflow/python/framework/op_def_library.py:263: colocate_with (from tensorflow.python.framework.ops) is deprecated and will be removed in a future version.
Instructions for updating:
Colocations handled automatically by placer.
Using TensorFlow backend.
WARNING:tensorflow:From /home/david/vp368cpu/lib/python3.6/site-packages/tensorflow/python/framework/op_def_library.py:263: colocate_with (from tensorflow.python.framework.ops) is deprecated and will be removed in a future version.
Instructions for updating:
Colocations handled automatically by placer.
Using TensorFlow backend.
WARNING:tensorflow:From /home/david/vp368cpu/lib/python3.6/site-packages/tensorflow/python/framework/op_def_library.py:263: colocate_with (from tensorflow.python.framework.ops) is deprecated and will be removed in a future version.
Instructions for updating:
Colocations handled automatically by placer.
Using TensorFlow backend.
WARNING:tensorflow:From /home/david/vp368cpu/lib/python3.6/site-packages/tensorflow/python/framework/op_def_library.py:263: colocate_with (from tensorflow.python.framework.ops) is deprecated and will be removed in a future version.
Instructions for updating:
Colocations handled automatically by placer.
Using TensorFlow backend.
WARNING:tensorflow:From /home/david/vp368cpu/lib/python3.6/site-packages/tensorflow/python/framework/op_def_library.py:263: colocate_with (from tensorflow.python.framework.ops) is deprecated and will be removed in a future version.
Instructions for updating:
Colocations handled automatically by placer.
WARNING:tensorflow:From /home/david/vp368cpu/lib/python3.6/site-packages/tensorflow/python/ops/math_ops.py:3066: to_int32 (from tensorflow.python.ops.math_ops) is deprecated and will be removed in a future version.
Instructions for updating:
Use tf.cast instead.
WARNING:tensorflow:From /home/david/vp368cpu/lib/python3.6/site-packages/tensorflow/python/ops/math_ops.py:3066: to_int32 (from tensorflow.python.ops.math_ops) is deprecated and will be removed in a future version.
Instructions for updating:
Use tf.cast instead.
Using TensorFlow backend.
WARNING:tensorflow:From /home/david/vp368cpu/lib/python3.6/site-packages/tensorflow/python/framework/op_def_library.py:263: colocate_with (from tensorflow.python.framework.ops) is deprecated and will be removed in a future version.
Instructions for updating:
Colocations handled automatically by placer.
WARNING:tensorflow:From /home/david/vp368cpu/lib/python3.6/site-packages/tensorflow/python/ops/math_ops.py:3066: to_int32 (from tensorflow.python.ops.math_ops) is deprecated and will be removed in a future version.
Instructions for updating:
Use tf.cast instead.
WARNING:tensorflow:From /home/david/vp368cpu/lib/python3.6/site-packages/tensorflow/python/ops/math_ops.py:3066: to_int32 (from tensorflow.python.ops.math_ops) is deprecated and will be removed in a future version.
Instructions for updating:
Use tf.cast instead.
WARNING:tensorflow:From /home/david/vp368cpu/lib/python3.6/site-packages/tensorflow/python/ops/math_ops.py:3066: to_int32 (from tensorflow.python.ops.math_ops) is deprecated and will be removed in a future version.
Instructions for updating:
Use tf.cast instead.
Using TensorFlow backend.
WARNING:tensorflow:From /home/david/vp368cpu/lib/python3.6/site-packages/tensorflow/python/framework/op_def_library.py:263: colocate_with (from tensorflow.python.framework.ops) is deprecated and will be removed in a future version.
Instructions for updating:
Colocations handled automatically by placer.
WARNING:tensorflow:From /home/david/vp368cpu/lib/python3.6/site-packages/tensorflow/python/ops/math_ops.py:3066: to_int32 (from tensorflow.python.ops.math_ops) is deprecated and will be removed in a future version.
Instructions for updating:
Use tf.cast instead.
Using TensorFlow backend.
WARNING:tensorflow:From /home/david/vp368cpu/lib/python3.6/site-packages/tensorflow/python/framework/op_def_library.py:263: colocate_with (from tensorflow.python.framework.ops) is deprecated and will be removed in a future version.
Instructions for updating:
Colocations handled automatically by placer.
WARNING:tensorflow:From /home/david/vp368cpu/lib/python3.6/site-packages/tensorflow/python/ops/math_ops.py:3066: to_int32 (from tensorflow.python.ops.math_ops) is deprecated and will be removed in a future version.
Instructions for updating:
Use tf.cast instead.
WARNING:tensorflow:From /home/david/vp368cpu/lib/python3.6/site-packages/tensorflow/python/ops/math_ops.py:3066: to_int32 (from tensorflow.python.ops.math_ops) is deprecated and will be removed in a future version.
Instructions for updating:
Use tf.cast instead.
WARNING:tensorflow:From /home/david/vp368cpu/lib/python3.6/site-packages/tensorflow/python/ops/math_ops.py:3066: to_int32 (from tensorflow.python.ops.math_ops) is deprecated and will be removed in a future version.
Instructions for updating:
Use tf.cast instead.
WARNING:tensorflow:From /home/david/vp368cpu/lib/python3.6/site-packages/tensorflow/python/ops/math_ops.py:3066: to_int32 (from tensorflow.python.ops.math_ops) is deprecated and will be removed in a future version.
Instructions for updating:
Use tf.cast instead.
WARNING:tensorflow:From /home/david/vp368cpu/lib/python3.6/site-packages/tensorflow/python/ops/math_ops.py:3066: to_int32 (from tensorflow.python.ops.math_ops) is deprecated and will be removed in a future version.
Instructions for updating:
Use tf.cast instead.
WARNING:tensorflow:From /home/david/vp368cpu/lib/python3.6/site-packages/tensorflow/python/ops/math_ops.py:3066: to_int32 (from tensorflow.python.ops.math_ops) is deprecated and will be removed in a future version.
Instructions for updating:
Use tf.cast instead.
WARNING:tensorflow:From /home/david/vp368cpu/lib/python3.6/site-packages/tensorflow/python/ops/math_ops.py:3066: to_int32 (from tensorflow.python.ops.math_ops) is deprecated and will be removed in a future version.
Instructions for updating:
Use tf.cast instead.
WARNING:tensorflow:From /home/david/vp368cpu/lib/python3.6/site-packages/tensorflow/python/ops/math_ops.py:3066: to_int32 (from tensorflow.python.ops.math_ops) is deprecated and will be removed in a future version.
Instructions for updating:
Use tf.cast instead.
WARNING:tensorflow:From /home/david/vp368cpu/lib/python3.6/site-packages/tensorflow/python/ops/math_ops.py:3066: to_int32 (from tensorflow.python.ops.math_ops) is deprecated and will be removed in a future version.
Instructions for updating:
Use tf.cast instead.
WARNING:tensorflow:From /home/david/vp368cpu/lib/python3.6/site-packages/tensorflow/python/ops/math_ops.py:3066: to_int32 (from tensorflow.python.ops.math_ops) is deprecated and will be removed in a future version.
Instructions for updating:
Use tf.cast instead.
WARNING:tensorflow:From /home/david/vp368cpu/lib/python3.6/site-packages/tensorflow/python/ops/math_ops.py:3066: to_int32 (from tensorflow.python.ops.math_ops) is deprecated and will be removed in a future version.
Instructions for updating:
Use tf.cast instead.
WARNING:tensorflow:From /home/david/vp368cpu/lib/python3.6/site-packages/tensorflow/python/ops/math_ops.py:3066: to_int32 (from tensorflow.python.ops.math_ops) is deprecated and will be removed in a future version.
Instructions for updating:
Use tf.cast instead.
WARNING:tensorflow:From /home/david/vp368cpu/lib/python3.6/site-packages/tensorflow/python/ops/math_ops.py:3066: to_int32 (from tensorflow.python.ops.math_ops) is deprecated and will be removed in a future version.
Instructions for updating:
Use tf.cast instead.
WARNING:tensorflow:From /home/david/vp368cpu/lib/python3.6/site-packages/tensorflow/python/ops/math_ops.py:3066: to_int32 (from tensorflow.python.ops.math_ops) is deprecated and will be removed in a future version.
Instructions for updating:
Use tf.cast instead.
2019-03-20 03:30:58.115638: I tensorflow/core/platform/profile_utils/cpu_utils.cc:94] CPU Frequency: 2199920000 Hz
2019-03-20 03:30:58.116187: I tensorflow/compiler/xla/service/service.cc:150] XLA service 0x3e05cd0 executing computations on platform Host. Devices:
2019-03-20 03:30:58.116217: I tensorflow/compiler/xla/service/service.cc:158]   StreamExecutor device (0): <undefined>, <undefined>
2019-03-20 03:30:58.129825: I tensorflow/core/platform/profile_utils/cpu_utils.cc:94] CPU Frequency: 2199920000 Hz
2019-03-20 03:30:58.130356: I tensorflow/compiler/xla/service/service.cc:150] XLA service 0x3e06510 executing computations on platform Host. Devices:
2019-03-20 03:30:58.130378: I tensorflow/compiler/xla/service/service.cc:158]   StreamExecutor device (0): <undefined>, <undefined>
2019-03-20 03:30:58.141711: I tensorflow/core/platform/profile_utils/cpu_utils.cc:94] CPU Frequency: 2199920000 Hz
2019-03-20 03:30:58.142637: I tensorflow/compiler/xla/service/service.cc:150] XLA service 0x3e067e0 executing computations on platform Host. Devices:
2019-03-20 03:30:58.142685: I tensorflow/compiler/xla/service/service.cc:158]   StreamExecutor device (0): <undefined>, <undefined>
2019-03-20 03:30:58.152427: I tensorflow/core/platform/profile_utils/cpu_utils.cc:94] CPU Frequency: 2199920000 Hz
2019-03-20 03:30:58.152635: I tensorflow/core/platform/profile_utils/cpu_utils.cc:94] CPU Frequency: 2199920000 Hz
2019-03-20 03:30:58.153344: I tensorflow/compiler/xla/service/service.cc:150] XLA service 0x3e06770 executing computations on platform Host. Devices:
2019-03-20 03:30:58.153385: I tensorflow/compiler/xla/service/service.cc:158]   StreamExecutor device (0): <undefined>, <undefined>
2019-03-20 03:30:58.153740: I tensorflow/compiler/xla/service/service.cc:150] XLA service 0x3e072d0 executing computations on platform Host. Devices:
2019-03-20 03:30:58.153766: I tensorflow/compiler/xla/service/service.cc:158]   StreamExecutor device (0): <undefined>, <undefined>
2019-03-20 03:30:58.159734: I tensorflow/core/platform/profile_utils/cpu_utils.cc:94] CPU Frequency: 2199920000 Hz
2019-03-20 03:30:58.160881: I tensorflow/compiler/xla/service/service.cc:150] XLA service 0x3e05f20 executing computations on platform Host. Devices:
2019-03-20 03:30:58.160916: I tensorflow/compiler/xla/service/service.cc:158]   StreamExecutor device (0): <undefined>, <undefined>
2019-03-20 03:30:58.172208: I tensorflow/core/platform/profile_utils/cpu_utils.cc:94] CPU Frequency: 2199920000 Hz
2019-03-20 03:30:58.172888: I tensorflow/compiler/xla/service/service.cc:150] XLA service 0x3e05910 executing computations on platform Host. Devices:
2019-03-20 03:30:58.172914: I tensorflow/compiler/xla/service/service.cc:158]   StreamExecutor device (0): <undefined>, <undefined>
2019-03-20 03:30:58.179120: I tensorflow/core/platform/profile_utils/cpu_utils.cc:94] CPU Frequency: 2199920000 Hz
2019-03-20 03:30:58.183901: I tensorflow/compiler/xla/service/service.cc:150] XLA service 0x3e05e60 executing computations on platform Host. Devices:
2019-03-20 03:30:58.183936: I tensorflow/compiler/xla/service/service.cc:158]   StreamExecutor device (0): <undefined>, <undefined>
2019-03-20 03:30:58.187888: I tensorflow/core/platform/profile_utils/cpu_utils.cc:94] CPU Frequency: 2199920000 Hz
2019-03-20 03:30:58.188636: I tensorflow/compiler/xla/service/service.cc:150] XLA service 0x3e06440 executing computations on platform Host. Devices:
2019-03-20 03:30:58.188661: I tensorflow/compiler/xla/service/service.cc:158]   StreamExecutor device (0): <undefined>, <undefined>
2019-03-20 03:30:58.198041: I tensorflow/core/platform/profile_utils/cpu_utils.cc:94] CPU Frequency: 2199920000 Hz
2019-03-20 03:30:58.198955: I tensorflow/compiler/xla/service/service.cc:150] XLA service 0x3e06a50 executing computations on platform Host. Devices:
2019-03-20 03:30:58.199006: I tensorflow/compiler/xla/service/service.cc:158]   StreamExecutor device (0): <undefined>, <undefined>
2019-03-20 03:30:58.202399: I tensorflow/core/platform/profile_utils/cpu_utils.cc:94] CPU Frequency: 2199920000 Hz
2019-03-20 03:30:58.203202: I tensorflow/compiler/xla/service/service.cc:150] XLA service 0x3e06ae0 executing computations on platform Host. Devices:
2019-03-20 03:30:58.203237: I tensorflow/compiler/xla/service/service.cc:158]   StreamExecutor device (0): <undefined>, <undefined>
2019-03-20 03:30:58.209122: I tensorflow/core/platform/profile_utils/cpu_utils.cc:94] CPU Frequency: 2199920000 Hz
2019-03-20 03:30:58.210538: I tensorflow/core/platform/profile_utils/cpu_utils.cc:94] CPU Frequency: 2199920000 Hz
2019-03-20 03:30:58.211278: I tensorflow/compiler/xla/service/service.cc:150] XLA service 0x3e06f30 executing computations on platform Host. Devices:
2019-03-20 03:30:58.211303: I tensorflow/compiler/xla/service/service.cc:158]   StreamExecutor device (0): <undefined>, <undefined>
2019-03-20 03:30:58.212038: I tensorflow/core/platform/profile_utils/cpu_utils.cc:94] CPU Frequency: 2199920000 Hz
2019-03-20 03:30:58.213591: I tensorflow/core/platform/profile_utils/cpu_utils.cc:94] CPU Frequency: 2199920000 Hz
2019-03-20 03:30:58.214316: I tensorflow/compiler/xla/service/service.cc:150] XLA service 0x3e067e0 executing computations on platform Host. Devices:
2019-03-20 03:30:58.214340: I tensorflow/compiler/xla/service/service.cc:158]   StreamExecutor device (0): <undefined>, <undefined>
2019-03-20 03:30:58.218003: I tensorflow/compiler/xla/service/service.cc:150] XLA service 0x3e05e80 executing computations on platform Host. Devices:
2019-03-20 03:30:58.218033: I tensorflow/compiler/xla/service/service.cc:158]   StreamExecutor device (0): <undefined>, <undefined>
2019-03-20 03:30:58.219370: I tensorflow/compiler/xla/service/service.cc:150] XLA service 0x3e06220 executing computations on platform Host. Devices:
2019-03-20 03:30:58.219418: I tensorflow/compiler/xla/service/service.cc:158]   StreamExecutor device (0): <undefined>, <undefined>
2019-03-20 03:30:58.226229: I tensorflow/core/platform/profile_utils/cpu_utils.cc:94] CPU Frequency: 2199920000 Hz
2019-03-20 03:30:58.226616: I tensorflow/core/platform/profile_utils/cpu_utils.cc:94] CPU Frequency: 2199920000 Hz
2019-03-20 03:30:58.227467: I tensorflow/compiler/xla/service/service.cc:150] XLA service 0x3e06460 executing computations on platform Host. Devices:
2019-03-20 03:30:58.227491: I tensorflow/compiler/xla/service/service.cc:158]   StreamExecutor device (0): <undefined>, <undefined>
2019-03-20 03:30:58.227966: I tensorflow/compiler/xla/service/service.cc:150] XLA service 0x3e06520 executing computations on platform Host. Devices:
2019-03-20 03:30:58.228004: I tensorflow/compiler/xla/service/service.cc:158]   StreamExecutor device (0): <undefined>, <undefined>
2019-03-20 03:30:58.252187: I tensorflow/core/platform/profile_utils/cpu_utils.cc:94] CPU Frequency: 2199920000 Hz
2019-03-20 03:30:58.253165: I tensorflow/compiler/xla/service/service.cc:150] XLA service 0x3e05f80 executing computations on platform Host. Devices:
2019-03-20 03:30:58.253215: I tensorflow/compiler/xla/service/service.cc:158]   StreamExecutor device (0): <undefined>, <undefined>
2019-03-20 03:30:58.290330: I tensorflow/core/platform/profile_utils/cpu_utils.cc:94] CPU Frequency: 2199920000 Hz
2019-03-20 03:30:58.291082: I tensorflow/compiler/xla/service/service.cc:150] XLA service 0x3e061a0 executing computations on platform Host. Devices:
2019-03-20 03:30:58.291137: I tensorflow/compiler/xla/service/service.cc:158]   StreamExecutor device (0): <undefined>, <undefined>
2019-03-20 03:30:58.301777: I tensorflow/core/platform/profile_utils/cpu_utils.cc:94] CPU Frequency: 2199920000 Hz
2019-03-20 03:30:58.310698: I tensorflow/compiler/xla/service/service.cc:150] XLA service 0x3e06510 executing computations on platform Host. Devices:
2019-03-20 03:30:58.310753: I tensorflow/compiler/xla/service/service.cc:158]   StreamExecutor device (0): <undefined>, <undefined>
/home/david/vp368cpu/lib/python3.6/site-packages/sklearn/model_selection/_search.py:841: DeprecationWarning: The default of the `iid` parameter will change from True to False in version 0.22 and will be removed in 0.24. This will change numeric results when test-set sizes are unequal.
  DeprecationWarning)
WARNING:tensorflow:From /home/david/vp368cpu/lib/python3.6/site-packages/tensorflow/python/framework/op_def_library.py:263: colocate_with (from tensorflow.python.framework.ops) is deprecated and will be removed in a future version.
Instructions for updating:
Colocations handled automatically by placer.
WARNING:tensorflow:From /home/david/vp368cpu/lib/python3.6/site-packages/tensorflow/python/ops/math_ops.py:3066: to_int32 (from tensorflow.python.ops.math_ops) is deprecated and will be removed in a future version.
Instructions for updating:
Use tf.cast instead.
2019-03-20 09:07:41.150386: I tensorflow/core/platform/profile_utils/cpu_utils.cc:94] CPU Frequency: 2199920000 Hz
2019-03-20 09:07:41.151451: I tensorflow/compiler/xla/service/service.cc:150] XLA service 0x3f11d40 executing computations on platform Host. Devices:
2019-03-20 09:07:41.151488: I tensorflow/compiler/xla/service/service.cc:158]   StreamExecutor device (0): <undefined>, <undefined>
