Running on host node010
Time is Qua Mar 20 02:36:03 -03 2019
Directory is /home/david/git-repos/jobs
Slurm job ID is 5091
This job runs on the following machines:
node010
Running /home/david/vp368cpu/bin/python /home/david/git-repos/jobs/tuning_regression_precipitation_R3.py
Using TensorFlow backend.
Using TensorFlow backend.
WARNING:tensorflow:From /home/david/vp368cpu/lib/python3.6/site-packages/tensorflow/python/framework/op_def_library.py:263: colocate_with (from tensorflow.python.framework.ops) is deprecated and will be removed in a future version.
Instructions for updating:
Colocations handled automatically by placer.
Using TensorFlow backend.
WARNING:tensorflow:From /home/david/vp368cpu/lib/python3.6/site-packages/tensorflow/python/framework/op_def_library.py:263: colocate_with (from tensorflow.python.framework.ops) is deprecated and will be removed in a future version.
Instructions for updating:
Colocations handled automatically by placer.
Using TensorFlow backend.
WARNING:tensorflow:From /home/david/vp368cpu/lib/python3.6/site-packages/tensorflow/python/framework/op_def_library.py:263: colocate_with (from tensorflow.python.framework.ops) is deprecated and will be removed in a future version.
Instructions for updating:
Colocations handled automatically by placer.
Using TensorFlow backend.
WARNING:tensorflow:From /home/david/vp368cpu/lib/python3.6/site-packages/tensorflow/python/framework/op_def_library.py:263: colocate_with (from tensorflow.python.framework.ops) is deprecated and will be removed in a future version.
Instructions for updating:
Colocations handled automatically by placer.
Using TensorFlow backend.
WARNING:tensorflow:From /home/david/vp368cpu/lib/python3.6/site-packages/tensorflow/python/framework/op_def_library.py:263: colocate_with (from tensorflow.python.framework.ops) is deprecated and will be removed in a future version.
Instructions for updating:
Colocations handled automatically by placer.
Using TensorFlow backend.
WARNING:tensorflow:From /home/david/vp368cpu/lib/python3.6/site-packages/tensorflow/python/framework/op_def_library.py:263: colocate_with (from tensorflow.python.framework.ops) is deprecated and will be removed in a future version.
Instructions for updating:
Colocations handled automatically by placer.
Using TensorFlow backend.
WARNING:tensorflow:From /home/david/vp368cpu/lib/python3.6/site-packages/tensorflow/python/framework/op_def_library.py:263: colocate_with (from tensorflow.python.framework.ops) is deprecated and will be removed in a future version.
Instructions for updating:
Colocations handled automatically by placer.
Using TensorFlow backend.
WARNING:tensorflow:From /home/david/vp368cpu/lib/python3.6/site-packages/tensorflow/python/framework/op_def_library.py:263: colocate_with (from tensorflow.python.framework.ops) is deprecated and will be removed in a future version.
Instructions for updating:
Colocations handled automatically by placer.
Using TensorFlow backend.
WARNING:tensorflow:From /home/david/vp368cpu/lib/python3.6/site-packages/tensorflow/python/framework/op_def_library.py:263: colocate_with (from tensorflow.python.framework.ops) is deprecated and will be removed in a future version.
Instructions for updating:
Colocations handled automatically by placer.
Using TensorFlow backend.
WARNING:tensorflow:From /home/david/vp368cpu/lib/python3.6/site-packages/tensorflow/python/framework/op_def_library.py:263: colocate_with (from tensorflow.python.framework.ops) is deprecated and will be removed in a future version.
Instructions for updating:
Colocations handled automatically by placer.
Using TensorFlow backend.
WARNING:tensorflow:From /home/david/vp368cpu/lib/python3.6/site-packages/tensorflow/python/framework/op_def_library.py:263: colocate_with (from tensorflow.python.framework.ops) is deprecated and will be removed in a future version.
Instructions for updating:
Colocations handled automatically by placer.
Using TensorFlow backend.
WARNING:tensorflow:From /home/david/vp368cpu/lib/python3.6/site-packages/tensorflow/python/framework/op_def_library.py:263: colocate_with (from tensorflow.python.framework.ops) is deprecated and will be removed in a future version.
Instructions for updating:
Colocations handled automatically by placer.
Using TensorFlow backend.
WARNING:tensorflow:From /home/david/vp368cpu/lib/python3.6/site-packages/tensorflow/python/framework/op_def_library.py:263: colocate_with (from tensorflow.python.framework.ops) is deprecated and will be removed in a future version.
Instructions for updating:
Colocations handled automatically by placer.
Using TensorFlow backend.
WARNING:tensorflow:From /home/david/vp368cpu/lib/python3.6/site-packages/tensorflow/python/framework/op_def_library.py:263: colocate_with (from tensorflow.python.framework.ops) is deprecated and will be removed in a future version.
Instructions for updating:
Colocations handled automatically by placer.
Using TensorFlow backend.
WARNING:tensorflow:From /home/david/vp368cpu/lib/python3.6/site-packages/tensorflow/python/framework/op_def_library.py:263: colocate_with (from tensorflow.python.framework.ops) is deprecated and will be removed in a future version.
Instructions for updating:
Colocations handled automatically by placer.
Using TensorFlow backend.
WARNING:tensorflow:From /home/david/vp368cpu/lib/python3.6/site-packages/tensorflow/python/framework/op_def_library.py:263: colocate_with (from tensorflow.python.framework.ops) is deprecated and will be removed in a future version.
Instructions for updating:
Colocations handled automatically by placer.
Using TensorFlow backend.
WARNING:tensorflow:From /home/david/vp368cpu/lib/python3.6/site-packages/tensorflow/python/framework/op_def_library.py:263: colocate_with (from tensorflow.python.framework.ops) is deprecated and will be removed in a future version.
Instructions for updating:
Colocations handled automatically by placer.
Using TensorFlow backend.
WARNING:tensorflow:From /home/david/vp368cpu/lib/python3.6/site-packages/tensorflow/python/framework/op_def_library.py:263: colocate_with (from tensorflow.python.framework.ops) is deprecated and will be removed in a future version.
Instructions for updating:
Colocations handled automatically by placer.
Using TensorFlow backend.
WARNING:tensorflow:From /home/david/vp368cpu/lib/python3.6/site-packages/tensorflow/python/framework/op_def_library.py:263: colocate_with (from tensorflow.python.framework.ops) is deprecated and will be removed in a future version.
Instructions for updating:
Colocations handled automatically by placer.
Using TensorFlow backend.
WARNING:tensorflow:From /home/david/vp368cpu/lib/python3.6/site-packages/tensorflow/python/framework/op_def_library.py:263: colocate_with (from tensorflow.python.framework.ops) is deprecated and will be removed in a future version.
Instructions for updating:
Colocations handled automatically by placer.
WARNING:tensorflow:From /home/david/vp368cpu/lib/python3.6/site-packages/tensorflow/python/ops/math_ops.py:3066: to_int32 (from tensorflow.python.ops.math_ops) is deprecated and will be removed in a future version.
Instructions for updating:
Use tf.cast instead.
WARNING:tensorflow:From /home/david/vp368cpu/lib/python3.6/site-packages/tensorflow/python/ops/math_ops.py:3066: to_int32 (from tensorflow.python.ops.math_ops) is deprecated and will be removed in a future version.
Instructions for updating:
Use tf.cast instead.
WARNING:tensorflow:From /home/david/vp368cpu/lib/python3.6/site-packages/tensorflow/python/ops/math_ops.py:3066: to_int32 (from tensorflow.python.ops.math_ops) is deprecated and will be removed in a future version.
Instructions for updating:
Use tf.cast instead.
WARNING:tensorflow:From /home/david/vp368cpu/lib/python3.6/site-packages/tensorflow/python/ops/math_ops.py:3066: to_int32 (from tensorflow.python.ops.math_ops) is deprecated and will be removed in a future version.
Instructions for updating:
Use tf.cast instead.
WARNING:tensorflow:From /home/david/vp368cpu/lib/python3.6/site-packages/tensorflow/python/ops/math_ops.py:3066: to_int32 (from tensorflow.python.ops.math_ops) is deprecated and will be removed in a future version.
Instructions for updating:
Use tf.cast instead.
WARNING:tensorflow:From /home/david/vp368cpu/lib/python3.6/site-packages/tensorflow/python/ops/math_ops.py:3066: to_int32 (from tensorflow.python.ops.math_ops) is deprecated and will be removed in a future version.
Instructions for updating:
Use tf.cast instead.
WARNING:tensorflow:From /home/david/vp368cpu/lib/python3.6/site-packages/tensorflow/python/ops/math_ops.py:3066: to_int32 (from tensorflow.python.ops.math_ops) is deprecated and will be removed in a future version.
Instructions for updating:
Use tf.cast instead.
WARNING:tensorflow:From /home/david/vp368cpu/lib/python3.6/site-packages/tensorflow/python/ops/math_ops.py:3066: to_int32 (from tensorflow.python.ops.math_ops) is deprecated and will be removed in a future version.
Instructions for updating:
Use tf.cast instead.
WARNING:tensorflow:From /home/david/vp368cpu/lib/python3.6/site-packages/tensorflow/python/ops/math_ops.py:3066: to_int32 (from tensorflow.python.ops.math_ops) is deprecated and will be removed in a future version.
Instructions for updating:
Use tf.cast instead.
WARNING:tensorflow:From /home/david/vp368cpu/lib/python3.6/site-packages/tensorflow/python/ops/math_ops.py:3066: to_int32 (from tensorflow.python.ops.math_ops) is deprecated and will be removed in a future version.
Instructions for updating:
Use tf.cast instead.
WARNING:tensorflow:From /home/david/vp368cpu/lib/python3.6/site-packages/tensorflow/python/ops/math_ops.py:3066: to_int32 (from tensorflow.python.ops.math_ops) is deprecated and will be removed in a future version.
Instructions for updating:
Use tf.cast instead.
WARNING:tensorflow:From /home/david/vp368cpu/lib/python3.6/site-packages/tensorflow/python/ops/math_ops.py:3066: to_int32 (from tensorflow.python.ops.math_ops) is deprecated and will be removed in a future version.
Instructions for updating:
Use tf.cast instead.
WARNING:tensorflow:From /home/david/vp368cpu/lib/python3.6/site-packages/tensorflow/python/ops/math_ops.py:3066: to_int32 (from tensorflow.python.ops.math_ops) is deprecated and will be removed in a future version.
Instructions for updating:
Use tf.cast instead.
WARNING:tensorflow:From /home/david/vp368cpu/lib/python3.6/site-packages/tensorflow/python/ops/math_ops.py:3066: to_int32 (from tensorflow.python.ops.math_ops) is deprecated and will be removed in a future version.
Instructions for updating:
Use tf.cast instead.
WARNING:tensorflow:From /home/david/vp368cpu/lib/python3.6/site-packages/tensorflow/python/ops/math_ops.py:3066: to_int32 (from tensorflow.python.ops.math_ops) is deprecated and will be removed in a future version.
Instructions for updating:
Use tf.cast instead.
WARNING:tensorflow:From /home/david/vp368cpu/lib/python3.6/site-packages/tensorflow/python/ops/math_ops.py:3066: to_int32 (from tensorflow.python.ops.math_ops) is deprecated and will be removed in a future version.
Instructions for updating:
Use tf.cast instead.
WARNING:tensorflow:From /home/david/vp368cpu/lib/python3.6/site-packages/tensorflow/python/ops/math_ops.py:3066: to_int32 (from tensorflow.python.ops.math_ops) is deprecated and will be removed in a future version.
Instructions for updating:
Use tf.cast instead.
WARNING:tensorflow:From /home/david/vp368cpu/lib/python3.6/site-packages/tensorflow/python/ops/math_ops.py:3066: to_int32 (from tensorflow.python.ops.math_ops) is deprecated and will be removed in a future version.
Instructions for updating:
Use tf.cast instead.
WARNING:tensorflow:From /home/david/vp368cpu/lib/python3.6/site-packages/tensorflow/python/ops/math_ops.py:3066: to_int32 (from tensorflow.python.ops.math_ops) is deprecated and will be removed in a future version.
Instructions for updating:
Use tf.cast instead.
WARNING:tensorflow:From /home/david/vp368cpu/lib/python3.6/site-packages/tensorflow/python/ops/math_ops.py:3066: to_int32 (from tensorflow.python.ops.math_ops) is deprecated and will be removed in a future version.
Instructions for updating:
Use tf.cast instead.
2019-03-20 02:36:15.130004: I tensorflow/core/platform/profile_utils/cpu_utils.cc:94] CPU Frequency: 2200120000 Hz
2019-03-20 02:36:15.130006: I tensorflow/core/platform/profile_utils/cpu_utils.cc:94] CPU Frequency: 2200120000 Hz
2019-03-20 02:36:15.130009: I tensorflow/core/platform/profile_utils/cpu_utils.cc:94] CPU Frequency: 2200120000 Hz
2019-03-20 02:36:15.130009: I tensorflow/core/platform/profile_utils/cpu_utils.cc:94] CPU Frequency: 2200120000 Hz
2019-03-20 02:36:15.130012: I tensorflow/core/platform/profile_utils/cpu_utils.cc:94] CPU Frequency: 2200120000 Hz
2019-03-20 02:36:15.130013: I tensorflow/core/platform/profile_utils/cpu_utils.cc:94] CPU Frequency: 2200120000 Hz
2019-03-20 02:36:15.130691: I tensorflow/compiler/xla/service/service.cc:150] XLA service 0x3e52060 executing computations on platform Host. Devices:
2019-03-20 02:36:15.130716: I tensorflow/compiler/xla/service/service.cc:158]   StreamExecutor device (0): <undefined>, <undefined>
2019-03-20 02:36:15.130765: I tensorflow/compiler/xla/service/service.cc:150] XLA service 0x3e52e30 executing computations on platform Host. Devices:
2019-03-20 02:36:15.130789: I tensorflow/compiler/xla/service/service.cc:158]   StreamExecutor device (0): <undefined>, <undefined>
2019-03-20 02:36:15.130860: I tensorflow/compiler/xla/service/service.cc:150] XLA service 0x3e53630 executing computations on platform Host. Devices:
2019-03-20 02:36:15.130884: I tensorflow/compiler/xla/service/service.cc:158]   StreamExecutor device (0): <undefined>, <undefined>
2019-03-20 02:36:15.130912: I tensorflow/compiler/xla/service/service.cc:150] XLA service 0x3e524f0 executing computations on platform Host. Devices:
2019-03-20 02:36:15.130991: I tensorflow/compiler/xla/service/service.cc:150] XLA service 0x3e524b0 executing computations on platform Host. Devices:
2019-03-20 02:36:15.131010: I tensorflow/compiler/xla/service/service.cc:158]   StreamExecutor device (0): <undefined>, <undefined>
2019-03-20 02:36:15.131045: I tensorflow/compiler/xla/service/service.cc:158]   StreamExecutor device (0): <undefined>, <undefined>
2019-03-20 02:36:15.131083: I tensorflow/compiler/xla/service/service.cc:150] XLA service 0x3e52cd0 executing computations on platform Host. Devices:
2019-03-20 02:36:15.131107: I tensorflow/compiler/xla/service/service.cc:158]   StreamExecutor device (0): <undefined>, <undefined>
2019-03-20 02:36:15.131523: I tensorflow/core/platform/profile_utils/cpu_utils.cc:94] CPU Frequency: 2200120000 Hz
2019-03-20 02:36:15.131555: I tensorflow/core/platform/profile_utils/cpu_utils.cc:94] CPU Frequency: 2200120000 Hz
2019-03-20 02:36:15.131603: I tensorflow/core/platform/profile_utils/cpu_utils.cc:94] CPU Frequency: 2200120000 Hz
2019-03-20 02:36:15.132566: I tensorflow/compiler/xla/service/service.cc:150] XLA service 0x3e52fa0 executing computations on platform Host. Devices:
2019-03-20 02:36:15.132588: I tensorflow/compiler/xla/service/service.cc:158]   StreamExecutor device (0): <undefined>, <undefined>
2019-03-20 02:36:15.132772: I tensorflow/compiler/xla/service/service.cc:150] XLA service 0x3e528e0 executing computations on platform Host. Devices:
2019-03-20 02:36:15.132800: I tensorflow/compiler/xla/service/service.cc:158]   StreamExecutor device (0): <undefined>, <undefined>
2019-03-20 02:36:15.133049: I tensorflow/compiler/xla/service/service.cc:150] XLA service 0x3e52db0 executing computations on platform Host. Devices:
2019-03-20 02:36:15.133073: I tensorflow/compiler/xla/service/service.cc:158]   StreamExecutor device (0): <undefined>, <undefined>
2019-03-20 02:36:15.137141: I tensorflow/core/platform/profile_utils/cpu_utils.cc:94] CPU Frequency: 2200120000 Hz
2019-03-20 02:36:15.137670: I tensorflow/compiler/xla/service/service.cc:150] XLA service 0x3e52490 executing computations on platform Host. Devices:
2019-03-20 02:36:15.137691: I tensorflow/compiler/xla/service/service.cc:158]   StreamExecutor device (0): <undefined>, <undefined>
2019-03-20 02:36:15.138813: I tensorflow/core/platform/profile_utils/cpu_utils.cc:94] CPU Frequency: 2200120000 Hz
2019-03-20 02:36:15.139919: I tensorflow/compiler/xla/service/service.cc:150] XLA service 0x3e52ba0 executing computations on platform Host. Devices:
2019-03-20 02:36:15.139981: I tensorflow/compiler/xla/service/service.cc:158]   StreamExecutor device (0): <undefined>, <undefined>
2019-03-20 02:36:15.143534: I tensorflow/core/platform/profile_utils/cpu_utils.cc:94] CPU Frequency: 2200120000 Hz
2019-03-20 02:36:15.143551: I tensorflow/core/platform/profile_utils/cpu_utils.cc:94] CPU Frequency: 2200120000 Hz
2019-03-20 02:36:15.144073: I tensorflow/core/platform/profile_utils/cpu_utils.cc:94] CPU Frequency: 2200120000 Hz
2019-03-20 02:36:15.145094: I tensorflow/compiler/xla/service/service.cc:150] XLA service 0x3e52750 executing computations on platform Host. Devices:
2019-03-20 02:36:15.145173: I tensorflow/compiler/xla/service/service.cc:158]   StreamExecutor device (0): <undefined>, <undefined>
2019-03-20 02:36:15.145280: I tensorflow/core/platform/profile_utils/cpu_utils.cc:94] CPU Frequency: 2200120000 Hz
2019-03-20 02:36:15.145357: I tensorflow/compiler/xla/service/service.cc:150] XLA service 0x3e52340 executing computations on platform Host. Devices:
2019-03-20 02:36:15.145380: I tensorflow/compiler/xla/service/service.cc:158]   StreamExecutor device (0): <undefined>, <undefined>
2019-03-20 02:36:15.146367: I tensorflow/compiler/xla/service/service.cc:150] XLA service 0x3e528e0 executing computations on platform Host. Devices:
2019-03-20 02:36:15.146392: I tensorflow/compiler/xla/service/service.cc:158]   StreamExecutor device (0): <undefined>, <undefined>
2019-03-20 02:36:15.146544: I tensorflow/core/platform/profile_utils/cpu_utils.cc:94] CPU Frequency: 2200120000 Hz
2019-03-20 02:36:15.148354: I tensorflow/compiler/xla/service/service.cc:150] XLA service 0x3e535a0 executing computations on platform Host. Devices:
2019-03-20 02:36:15.148359: I tensorflow/core/platform/profile_utils/cpu_utils.cc:94] CPU Frequency: 2200120000 Hz
2019-03-20 02:36:15.148377: I tensorflow/compiler/xla/service/service.cc:158]   StreamExecutor device (0): <undefined>, <undefined>
2019-03-20 02:36:15.149213: I tensorflow/compiler/xla/service/service.cc:150] XLA service 0x3e534a0 executing computations on platform Host. Devices:
2019-03-20 02:36:15.149235: I tensorflow/compiler/xla/service/service.cc:158]   StreamExecutor device (0): <undefined>, <undefined>
2019-03-20 02:36:15.151037: I tensorflow/core/platform/profile_utils/cpu_utils.cc:94] CPU Frequency: 2200120000 Hz
2019-03-20 02:36:15.151519: I tensorflow/compiler/xla/service/service.cc:150] XLA service 0x3e533c0 executing computations on platform Host. Devices:
2019-03-20 02:36:15.151546: I tensorflow/compiler/xla/service/service.cc:158]   StreamExecutor device (0): <undefined>, <undefined>
2019-03-20 02:36:15.151610: I tensorflow/compiler/xla/service/service.cc:150] XLA service 0x3e520b0 executing computations on platform Host. Devices:
2019-03-20 02:36:15.151659: I tensorflow/compiler/xla/service/service.cc:158]   StreamExecutor device (0): <undefined>, <undefined>
2019-03-20 02:36:15.155075: I tensorflow/core/platform/profile_utils/cpu_utils.cc:94] CPU Frequency: 2200120000 Hz
2019-03-20 02:36:15.157489: I tensorflow/compiler/xla/service/service.cc:150] XLA service 0x3e53120 executing computations on platform Host. Devices:
2019-03-20 02:36:15.157518: I tensorflow/compiler/xla/service/service.cc:158]   StreamExecutor device (0): <undefined>, <undefined>
2019-03-20 02:36:15.171104: I tensorflow/core/platform/profile_utils/cpu_utils.cc:94] CPU Frequency: 2200120000 Hz
2019-03-20 02:36:15.171954: I tensorflow/compiler/xla/service/service.cc:150] XLA service 0x3e534c0 executing computations on platform Host. Devices:
2019-03-20 02:36:15.171981: I tensorflow/compiler/xla/service/service.cc:158]   StreamExecutor device (0): <undefined>, <undefined>
