Running on host node006
Time is Fri Mar 22 00:04:10 -03 2019
Directory is /home/david/git-repos/jobs
Slurm job ID is 39998
This job runs on the following machines:
node006
Running /home/david/venv366tfcpu/bin/python /home/david/git-repos/jobs/tf_regression_sfcprcp_T1.py
WARNING:tensorflow:From /home/david/venv366tfcpu/lib/python3.6/site-packages/tensorflow/python/ops/resource_variable_ops.py:435: colocate_with (from tensorflow.python.framework.ops) is deprecated and will be removed in a future version.
Instructions for updating:
Colocations handled automatically by placer.
WARNING:tensorflow:From /home/david/venv366tfcpu/lib/python3.6/site-packages/tensorflow/python/keras/utils/losses_utils.py:170: to_float (from tensorflow.python.ops.math_ops) is deprecated and will be removed in a future version.
Instructions for updating:
Use tf.cast instead.
2019-03-22 00:04:17.199768: I tensorflow/core/platform/profile_utils/cpu_utils.cc:94] CPU Frequency: 2200025000 Hz
2019-03-22 00:04:17.201637: I tensorflow/compiler/xla/service/service.cc:150] XLA service 0x3a75bc0 executing computations on platform Host. Devices:
2019-03-22 00:04:17.201674: I tensorflow/compiler/xla/service/service.cc:158]   StreamExecutor device (0): <undefined>, <undefined>
WARNING:tensorflow:From /home/david/venv366tfcpu/lib/python3.6/site-packages/tensorflow/python/ops/math_ops.py:3066: to_int32 (from tensorflow.python.ops.math_ops) is deprecated and will be removed in a future version.
Instructions for updating:
Use tf.cast instead.
1.13.1
_________________________________________________________________
Layer (type)                 Output Shape              Param #   
=================================================================
dense (Dense)                (None, 24)                288       
_________________________________________________________________
dense_1 (Dense)              (None, 12)                300       
_________________________________________________________________
dense_2 (Dense)              (None, 1)                 13        
=================================================================
Total params: 601
Trainable params: 601
Non-trainable params: 0
_________________________________________________________________

....................................................................................................
....................................................................................................
....................................................................................................
....................................................................................................
....................................................................................................
....................................................................................................
....................................................................................................
....................................................................................................
....................................................................................................
....................................................................................................
.............................Testing set Mean Abs Error:  1.39 sfcprcp

real	126m50.290s
user	278m59.481s
sys	38m56.068s
