Running on host node002
Time is Qua Mar 20 02:30:30 -03 2019
Directory is /home/david/git-repos/jobs
Slurm job ID is 5088
This job runs on the following machines:
node002
Running /home/david/vp368cpu/bin/python /home/david/git-repos/jobs/tuning_regression_precipitation_R2.py
Using TensorFlow backend.
Using TensorFlow backend.
WARNING:tensorflow:From /home/david/vp368cpu/lib/python3.6/site-packages/tensorflow/python/framework/op_def_library.py:263: colocate_with (from tensorflow.python.framework.ops) is deprecated and will be removed in a future version.
Instructions for updating:
Colocations handled automatically by placer.
Using TensorFlow backend.
WARNING:tensorflow:From /home/david/vp368cpu/lib/python3.6/site-packages/tensorflow/python/framework/op_def_library.py:263: colocate_with (from tensorflow.python.framework.ops) is deprecated and will be removed in a future version.
Instructions for updating:
Colocations handled automatically by placer.
Using TensorFlow backend.
WARNING:tensorflow:From /home/david/vp368cpu/lib/python3.6/site-packages/tensorflow/python/framework/op_def_library.py:263: colocate_with (from tensorflow.python.framework.ops) is deprecated and will be removed in a future version.
Instructions for updating:
Colocations handled automatically by placer.
Using TensorFlow backend.
WARNING:tensorflow:From /home/david/vp368cpu/lib/python3.6/site-packages/tensorflow/python/framework/op_def_library.py:263: colocate_with (from tensorflow.python.framework.ops) is deprecated and will be removed in a future version.
Instructions for updating:
Colocations handled automatically by placer.
Using TensorFlow backend.
WARNING:tensorflow:From /home/david/vp368cpu/lib/python3.6/site-packages/tensorflow/python/framework/op_def_library.py:263: colocate_with (from tensorflow.python.framework.ops) is deprecated and will be removed in a future version.
Instructions for updating:
Colocations handled automatically by placer.
Using TensorFlow backend.
WARNING:tensorflow:From /home/david/vp368cpu/lib/python3.6/site-packages/tensorflow/python/framework/op_def_library.py:263: colocate_with (from tensorflow.python.framework.ops) is deprecated and will be removed in a future version.
Instructions for updating:
Colocations handled automatically by placer.
Using TensorFlow backend.
WARNING:tensorflow:From /home/david/vp368cpu/lib/python3.6/site-packages/tensorflow/python/framework/op_def_library.py:263: colocate_with (from tensorflow.python.framework.ops) is deprecated and will be removed in a future version.
Instructions for updating:
Colocations handled automatically by placer.
Using TensorFlow backend.
WARNING:tensorflow:From /home/david/vp368cpu/lib/python3.6/site-packages/tensorflow/python/framework/op_def_library.py:263: colocate_with (from tensorflow.python.framework.ops) is deprecated and will be removed in a future version.
Instructions for updating:
Colocations handled automatically by placer.
Using TensorFlow backend.
WARNING:tensorflow:From /home/david/vp368cpu/lib/python3.6/site-packages/tensorflow/python/framework/op_def_library.py:263: colocate_with (from tensorflow.python.framework.ops) is deprecated and will be removed in a future version.
Instructions for updating:
Colocations handled automatically by placer.
Using TensorFlow backend.
WARNING:tensorflow:From /home/david/vp368cpu/lib/python3.6/site-packages/tensorflow/python/framework/op_def_library.py:263: colocate_with (from tensorflow.python.framework.ops) is deprecated and will be removed in a future version.
Instructions for updating:
Colocations handled automatically by placer.
Using TensorFlow backend.
WARNING:tensorflow:From /home/david/vp368cpu/lib/python3.6/site-packages/tensorflow/python/framework/op_def_library.py:263: colocate_with (from tensorflow.python.framework.ops) is deprecated and will be removed in a future version.
Instructions for updating:
Colocations handled automatically by placer.
Using TensorFlow backend.
WARNING:tensorflow:From /home/david/vp368cpu/lib/python3.6/site-packages/tensorflow/python/framework/op_def_library.py:263: colocate_with (from tensorflow.python.framework.ops) is deprecated and will be removed in a future version.
Instructions for updating:
Colocations handled automatically by placer.
Using TensorFlow backend.
WARNING:tensorflow:From /home/david/vp368cpu/lib/python3.6/site-packages/tensorflow/python/framework/op_def_library.py:263: colocate_with (from tensorflow.python.framework.ops) is deprecated and will be removed in a future version.
Instructions for updating:
Colocations handled automatically by placer.
Using TensorFlow backend.
WARNING:tensorflow:From /home/david/vp368cpu/lib/python3.6/site-packages/tensorflow/python/framework/op_def_library.py:263: colocate_with (from tensorflow.python.framework.ops) is deprecated and will be removed in a future version.
Instructions for updating:
Colocations handled automatically by placer.
Using TensorFlow backend.
WARNING:tensorflow:From /home/david/vp368cpu/lib/python3.6/site-packages/tensorflow/python/framework/op_def_library.py:263: colocate_with (from tensorflow.python.framework.ops) is deprecated and will be removed in a future version.
Instructions for updating:
Colocations handled automatically by placer.
Using TensorFlow backend.
WARNING:tensorflow:From /home/david/vp368cpu/lib/python3.6/site-packages/tensorflow/python/framework/op_def_library.py:263: colocate_with (from tensorflow.python.framework.ops) is deprecated and will be removed in a future version.
Instructions for updating:
Colocations handled automatically by placer.
Using TensorFlow backend.
WARNING:tensorflow:From /home/david/vp368cpu/lib/python3.6/site-packages/tensorflow/python/framework/op_def_library.py:263: colocate_with (from tensorflow.python.framework.ops) is deprecated and will be removed in a future version.
Instructions for updating:
Colocations handled automatically by placer.
Using TensorFlow backend.
WARNING:tensorflow:From /home/david/vp368cpu/lib/python3.6/site-packages/tensorflow/python/framework/op_def_library.py:263: colocate_with (from tensorflow.python.framework.ops) is deprecated and will be removed in a future version.
Instructions for updating:
Colocations handled automatically by placer.
Using TensorFlow backend.
WARNING:tensorflow:From /home/david/vp368cpu/lib/python3.6/site-packages/tensorflow/python/framework/op_def_library.py:263: colocate_with (from tensorflow.python.framework.ops) is deprecated and will be removed in a future version.
Instructions for updating:
Colocations handled automatically by placer.
Using TensorFlow backend.
WARNING:tensorflow:From /home/david/vp368cpu/lib/python3.6/site-packages/tensorflow/python/framework/op_def_library.py:263: colocate_with (from tensorflow.python.framework.ops) is deprecated and will be removed in a future version.
Instructions for updating:
Colocations handled automatically by placer.
WARNING:tensorflow:From /home/david/vp368cpu/lib/python3.6/site-packages/tensorflow/python/ops/math_ops.py:3066: to_int32 (from tensorflow.python.ops.math_ops) is deprecated and will be removed in a future version.
Instructions for updating:
Use tf.cast instead.
WARNING:tensorflow:From /home/david/vp368cpu/lib/python3.6/site-packages/tensorflow/python/ops/math_ops.py:3066: to_int32 (from tensorflow.python.ops.math_ops) is deprecated and will be removed in a future version.
Instructions for updating:
Use tf.cast instead.
WARNING:tensorflow:From /home/david/vp368cpu/lib/python3.6/site-packages/tensorflow/python/ops/math_ops.py:3066: to_int32 (from tensorflow.python.ops.math_ops) is deprecated and will be removed in a future version.
Instructions for updating:
Use tf.cast instead.
WARNING:tensorflow:From /home/david/vp368cpu/lib/python3.6/site-packages/tensorflow/python/ops/math_ops.py:3066: to_int32 (from tensorflow.python.ops.math_ops) is deprecated and will be removed in a future version.
Instructions for updating:
Use tf.cast instead.
WARNING:tensorflow:From /home/david/vp368cpu/lib/python3.6/site-packages/tensorflow/python/ops/math_ops.py:3066: to_int32 (from tensorflow.python.ops.math_ops) is deprecated and will be removed in a future version.
Instructions for updating:
Use tf.cast instead.
WARNING:tensorflow:From /home/david/vp368cpu/lib/python3.6/site-packages/tensorflow/python/ops/math_ops.py:3066: to_int32 (from tensorflow.python.ops.math_ops) is deprecated and will be removed in a future version.
Instructions for updating:
Use tf.cast instead.
WARNING:tensorflow:From /home/david/vp368cpu/lib/python3.6/site-packages/tensorflow/python/ops/math_ops.py:3066: to_int32 (from tensorflow.python.ops.math_ops) is deprecated and will be removed in a future version.
Instructions for updating:
Use tf.cast instead.
WARNING:tensorflow:From /home/david/vp368cpu/lib/python3.6/site-packages/tensorflow/python/ops/math_ops.py:3066: to_int32 (from tensorflow.python.ops.math_ops) is deprecated and will be removed in a future version.
Instructions for updating:
Use tf.cast instead.
WARNING:tensorflow:From /home/david/vp368cpu/lib/python3.6/site-packages/tensorflow/python/ops/math_ops.py:3066: to_int32 (from tensorflow.python.ops.math_ops) is deprecated and will be removed in a future version.
Instructions for updating:
Use tf.cast instead.
WARNING:tensorflow:From /home/david/vp368cpu/lib/python3.6/site-packages/tensorflow/python/ops/math_ops.py:3066: to_int32 (from tensorflow.python.ops.math_ops) is deprecated and will be removed in a future version.
Instructions for updating:
Use tf.cast instead.
WARNING:tensorflow:From /home/david/vp368cpu/lib/python3.6/site-packages/tensorflow/python/ops/math_ops.py:3066: to_int32 (from tensorflow.python.ops.math_ops) is deprecated and will be removed in a future version.
Instructions for updating:
Use tf.cast instead.
WARNING:tensorflow:From /home/david/vp368cpu/lib/python3.6/site-packages/tensorflow/python/ops/math_ops.py:3066: to_int32 (from tensorflow.python.ops.math_ops) is deprecated and will be removed in a future version.
Instructions for updating:
Use tf.cast instead.
WARNING:tensorflow:From /home/david/vp368cpu/lib/python3.6/site-packages/tensorflow/python/ops/math_ops.py:3066: to_int32 (from tensorflow.python.ops.math_ops) is deprecated and will be removed in a future version.
Instructions for updating:
Use tf.cast instead.
WARNING:tensorflow:From /home/david/vp368cpu/lib/python3.6/site-packages/tensorflow/python/ops/math_ops.py:3066: to_int32 (from tensorflow.python.ops.math_ops) is deprecated and will be removed in a future version.
Instructions for updating:
Use tf.cast instead.
WARNING:tensorflow:From /home/david/vp368cpu/lib/python3.6/site-packages/tensorflow/python/ops/math_ops.py:3066: to_int32 (from tensorflow.python.ops.math_ops) is deprecated and will be removed in a future version.
Instructions for updating:
Use tf.cast instead.
WARNING:tensorflow:From /home/david/vp368cpu/lib/python3.6/site-packages/tensorflow/python/ops/math_ops.py:3066: to_int32 (from tensorflow.python.ops.math_ops) is deprecated and will be removed in a future version.
Instructions for updating:
Use tf.cast instead.
WARNING:tensorflow:From /home/david/vp368cpu/lib/python3.6/site-packages/tensorflow/python/ops/math_ops.py:3066: to_int32 (from tensorflow.python.ops.math_ops) is deprecated and will be removed in a future version.
Instructions for updating:
Use tf.cast instead.
WARNING:tensorflow:From /home/david/vp368cpu/lib/python3.6/site-packages/tensorflow/python/ops/math_ops.py:3066: to_int32 (from tensorflow.python.ops.math_ops) is deprecated and will be removed in a future version.
Instructions for updating:
Use tf.cast instead.
WARNING:tensorflow:From /home/david/vp368cpu/lib/python3.6/site-packages/tensorflow/python/ops/math_ops.py:3066: to_int32 (from tensorflow.python.ops.math_ops) is deprecated and will be removed in a future version.
Instructions for updating:
Use tf.cast instead.
WARNING:tensorflow:From /home/david/vp368cpu/lib/python3.6/site-packages/tensorflow/python/ops/math_ops.py:3066: to_int32 (from tensorflow.python.ops.math_ops) is deprecated and will be removed in a future version.
Instructions for updating:
Use tf.cast instead.
2019-03-20 02:30:52.082166: I tensorflow/core/platform/profile_utils/cpu_utils.cc:94] CPU Frequency: 2200085000 Hz
2019-03-20 02:30:52.082173: I tensorflow/core/platform/profile_utils/cpu_utils.cc:94] CPU Frequency: 2200085000 Hz
2019-03-20 02:30:52.082169: I tensorflow/core/platform/profile_utils/cpu_utils.cc:94] CPU Frequency: 2200085000 Hz
2019-03-20 02:30:52.082168: I tensorflow/core/platform/profile_utils/cpu_utils.cc:94] CPU Frequency: 2200085000 Hz
2019-03-20 02:30:52.082168: I tensorflow/core/platform/profile_utils/cpu_utils.cc:94] CPU Frequency: 2200085000 Hz
2019-03-20 02:30:52.082178: I tensorflow/core/platform/profile_utils/cpu_utils.cc:94] CPU Frequency: 2200085000 Hz
2019-03-20 02:30:52.082177: I tensorflow/core/platform/profile_utils/cpu_utils.cc:94] CPU Frequency: 2200085000 Hz
2019-03-20 02:30:52.082178: I tensorflow/core/platform/profile_utils/cpu_utils.cc:94] CPU Frequency: 2200085000 Hz
2019-03-20 02:30:52.082182: I tensorflow/core/platform/profile_utils/cpu_utils.cc:94] CPU Frequency: 2200085000 Hz
2019-03-20 02:30:52.082167: I tensorflow/core/platform/profile_utils/cpu_utils.cc:94] CPU Frequency: 2200085000 Hz
2019-03-20 02:30:52.082175: I tensorflow/core/platform/profile_utils/cpu_utils.cc:94] CPU Frequency: 2200085000 Hz
2019-03-20 02:30:52.082213: I tensorflow/core/platform/profile_utils/cpu_utils.cc:94] CPU Frequency: 2200085000 Hz
2019-03-20 02:30:52.082209: I tensorflow/core/platform/profile_utils/cpu_utils.cc:94] CPU Frequency: 2200085000 Hz
2019-03-20 02:30:52.082232: I tensorflow/core/platform/profile_utils/cpu_utils.cc:94] CPU Frequency: 2200085000 Hz
2019-03-20 02:30:52.082161: I tensorflow/core/platform/profile_utils/cpu_utils.cc:94] CPU Frequency: 2200085000 Hz
2019-03-20 02:30:52.082392: I tensorflow/core/platform/profile_utils/cpu_utils.cc:94] CPU Frequency: 2200085000 Hz
2019-03-20 02:30:52.082610: I tensorflow/core/platform/profile_utils/cpu_utils.cc:94] CPU Frequency: 2200085000 Hz
2019-03-20 02:30:52.082725: I tensorflow/core/platform/profile_utils/cpu_utils.cc:94] CPU Frequency: 2200085000 Hz
2019-03-20 02:30:52.082886: I tensorflow/core/platform/profile_utils/cpu_utils.cc:94] CPU Frequency: 2200085000 Hz
2019-03-20 02:30:52.082941: I tensorflow/compiler/xla/service/service.cc:150] XLA service 0x3c7b080 executing computations on platform Host. Devices:
2019-03-20 02:30:52.082955: I tensorflow/compiler/xla/service/service.cc:150] XLA service 0x3c7bbf0 executing computations on platform Host. Devices:
2019-03-20 02:30:52.082967: I tensorflow/compiler/xla/service/service.cc:158]   StreamExecutor device (0): <undefined>, <undefined>
2019-03-20 02:30:52.082979: I tensorflow/compiler/xla/service/service.cc:158]   StreamExecutor device (0): <undefined>, <undefined>
2019-03-20 02:30:52.082974: I tensorflow/compiler/xla/service/service.cc:150] XLA service 0x3c7b580 executing computations on platform Host. Devices:
2019-03-20 02:30:52.082977: I tensorflow/compiler/xla/service/service.cc:150] XLA service 0x3c7ae70 executing computations on platform Host. Devices:
2019-03-20 02:30:52.082998: I tensorflow/compiler/xla/service/service.cc:158]   StreamExecutor device (0): <undefined>, <undefined>
2019-03-20 02:30:52.082994: I tensorflow/compiler/xla/service/service.cc:150] XLA service 0x3c7b510 executing computations on platform Host. Devices:
2019-03-20 02:30:52.083001: I tensorflow/compiler/xla/service/service.cc:158]   StreamExecutor device (0): <undefined>, <undefined>
2019-03-20 02:30:52.083002: I tensorflow/compiler/xla/service/service.cc:150] XLA service 0x3c7c580 executing computations on platform Host. Devices:
2019-03-20 02:30:52.083020: I tensorflow/compiler/xla/service/service.cc:158]   StreamExecutor device (0): <undefined>, <undefined>
2019-03-20 02:30:52.083026: I tensorflow/compiler/xla/service/service.cc:158]   StreamExecutor device (0): <undefined>, <undefined>
2019-03-20 02:30:52.083028: I tensorflow/compiler/xla/service/service.cc:150] XLA service 0x3c7c5b0 executing computations on platform Host. Devices:
2019-03-20 02:30:52.083044: I tensorflow/compiler/xla/service/service.cc:150] XLA service 0x3c7bff0 executing computations on platform Host. Devices:
2019-03-20 02:30:52.083055: I tensorflow/compiler/xla/service/service.cc:158]   StreamExecutor device (0): <undefined>, <undefined>
2019-03-20 02:30:52.083100: I tensorflow/compiler/xla/service/service.cc:158]   StreamExecutor device (0): <undefined>, <undefined>
2019-03-20 02:30:52.082163: I tensorflow/core/platform/profile_utils/cpu_utils.cc:94] CPU Frequency: 2200085000 Hz
2019-03-20 02:30:52.083616: I tensorflow/compiler/xla/service/service.cc:150] XLA service 0x3c7b4b0 executing computations on platform Host. Devices:
2019-03-20 02:30:52.083620: I tensorflow/compiler/xla/service/service.cc:150] XLA service 0x3c7b370 executing computations on platform Host. Devices:
2019-03-20 02:30:52.083638: I tensorflow/compiler/xla/service/service.cc:158]   StreamExecutor device (0): <undefined>, <undefined>
2019-03-20 02:30:52.083644: I tensorflow/compiler/xla/service/service.cc:158]   StreamExecutor device (0): <undefined>, <undefined>
2019-03-20 02:30:52.083708: I tensorflow/compiler/xla/service/service.cc:150] XLA service 0x3c7b1f0 executing computations on platform Host. Devices:
2019-03-20 02:30:52.083733: I tensorflow/compiler/xla/service/service.cc:158]   StreamExecutor device (0): <undefined>, <undefined>
2019-03-20 02:30:52.083806: I tensorflow/compiler/xla/service/service.cc:150] XLA service 0x3c7b7b0 executing computations on platform Host. Devices:
2019-03-20 02:30:52.083822: I tensorflow/compiler/xla/service/service.cc:150] XLA service 0x3c7bc80 executing computations on platform Host. Devices:
2019-03-20 02:30:52.083852: I tensorflow/compiler/xla/service/service.cc:158]   StreamExecutor device (0): <undefined>, <undefined>
2019-03-20 02:30:52.083875: I tensorflow/compiler/xla/service/service.cc:150] XLA service 0x3c7c570 executing computations on platform Host. Devices:
2019-03-20 02:30:52.083898: I tensorflow/compiler/xla/service/service.cc:158]   StreamExecutor device (0): <undefined>, <undefined>
2019-03-20 02:30:52.083932: I tensorflow/compiler/xla/service/service.cc:158]   StreamExecutor device (0): <undefined>, <undefined>
2019-03-20 02:30:52.083968: I tensorflow/compiler/xla/service/service.cc:150] XLA service 0x3c7b410 executing computations on platform Host. Devices:
2019-03-20 02:30:52.083967: I tensorflow/compiler/xla/service/service.cc:150] XLA service 0x3c7b8b0 executing computations on platform Host. Devices:
2019-03-20 02:30:52.083993: I tensorflow/compiler/xla/service/service.cc:158]   StreamExecutor device (0): <undefined>, <undefined>
2019-03-20 02:30:52.083998: I tensorflow/compiler/xla/service/service.cc:158]   StreamExecutor device (0): <undefined>, <undefined>
2019-03-20 02:30:52.084011: I tensorflow/compiler/xla/service/service.cc:150] XLA service 0x3c7c130 executing computations on platform Host. Devices:
2019-03-20 02:30:52.084018: I tensorflow/compiler/xla/service/service.cc:150] XLA service 0x3c7afe0 executing computations on platform Host. Devices:
2019-03-20 02:30:52.084032: I tensorflow/compiler/xla/service/service.cc:158]   StreamExecutor device (0): <undefined>, <undefined>
2019-03-20 02:30:52.084027: I tensorflow/compiler/xla/service/service.cc:150] XLA service 0x3c7bc80 executing computations on platform Host. Devices:
2019-03-20 02:30:52.084040: I tensorflow/compiler/xla/service/service.cc:158]   StreamExecutor device (0): <undefined>, <undefined>
2019-03-20 02:30:52.084052: I tensorflow/compiler/xla/service/service.cc:158]   StreamExecutor device (0): <undefined>, <undefined>
2019-03-20 02:30:52.084312: I tensorflow/compiler/xla/service/service.cc:150] XLA service 0x3c7c5b0 executing computations on platform Host. Devices:
2019-03-20 02:30:52.084341: I tensorflow/compiler/xla/service/service.cc:158]   StreamExecutor device (0): <undefined>, <undefined>
WARNING:tensorflow:From /home/david/vp368cpu/lib/python3.6/site-packages/tensorflow/python/framework/op_def_library.py:263: colocate_with (from tensorflow.python.framework.ops) is deprecated and will be removed in a future version.
Instructions for updating:
Colocations handled automatically by placer.
WARNING:tensorflow:From /home/david/vp368cpu/lib/python3.6/site-packages/tensorflow/python/ops/math_ops.py:3066: to_int32 (from tensorflow.python.ops.math_ops) is deprecated and will be removed in a future version.
Instructions for updating:
Use tf.cast instead.
2019-03-20 09:18:18.150136: I tensorflow/core/platform/profile_utils/cpu_utils.cc:94] CPU Frequency: 2200085000 Hz
2019-03-20 09:18:18.151329: I tensorflow/compiler/xla/service/service.cc:150] XLA service 0x496e6e0 executing computations on platform Host. Devices:
2019-03-20 09:18:18.151372: I tensorflow/compiler/xla/service/service.cc:158]   StreamExecutor device (0): <undefined>, <undefined>
Time passed: 7hour:25min:48sec

real	446m3.423s
user	6667m30.765s
sys	1197m8.287s
