Running on host node005
Time is Sex Mar 15 17:39:37 -03 2019
Directory is /home/david/git-repos/jobs
Slurm job ID is 5036
This job runs on the following machines:
node005
Running /home/david/vp368cpu/bin/python /home/david/git-repos/jobs/tuning_screening_precipitation_A2.py
Using TensorFlow backend.
Traceback (most recent call last):
  File "/home/david/git-repos/jobs/tuning_screening_precipitation_A2.py", line 125, in <module>
    grid_result = training_model.run_TuningScreeningPrecipitation()
  File "/home/david/git-repos/jobs/tuning_screening_precipitation_A2.py", line 63, in run_TuningScreeningPrecipitation
    df = pd.read_csv(os.path.join(path, file), sep=',', decimal='.')
  File "/home/david/vp368cpu/lib/python3.6/site-packages/pandas/io/parsers.py", line 702, in parser_f
    return _read(filepath_or_buffer, kwds)
  File "/home/david/vp368cpu/lib/python3.6/site-packages/pandas/io/parsers.py", line 435, in _read
    data = parser.read(nrows)
  File "/home/david/vp368cpu/lib/python3.6/site-packages/pandas/io/parsers.py", line 1139, in read
    ret = self._engine.read(nrows)
  File "/home/david/vp368cpu/lib/python3.6/site-packages/pandas/io/parsers.py", line 1995, in read
    data = self._reader.read(nrows)
  File "pandas/_libs/parsers.pyx", line 899, in pandas._libs.parsers.TextReader.read
  File "pandas/_libs/parsers.pyx", line 914, in pandas._libs.parsers.TextReader._read_low_memory
  File "pandas/_libs/parsers.pyx", line 968, in pandas._libs.parsers.TextReader._read_rows
  File "pandas/_libs/parsers.pyx", line 955, in pandas._libs.parsers.TextReader._tokenize_rows
  File "pandas/_libs/parsers.pyx", line 2172, in pandas._libs.parsers.raise_parser_error
pandas.errors.ParserError: Error tokenizing data. C error: Expected 50 fields in line 921635, saw 16385


real	0m14.376s
user	0m10.731s
sys	0m2.875s
