Running on host node004
Time is Dom Mar 10 18:53:12 -03 2019
Directory is /home/david/git-repos/jobs
Slurm job ID is 4975
This job runs on the following machines:
node004
Running /home/david/vp368cpu/bin/python /home/david/git-repos/jobs/tuning_activation_function_A.py
Using TensorFlow backend.
/home/david/vp368cpu/lib/python3.6/site-packages/sklearn/model_selection/_split.py:2053: FutureWarning: You should specify a value for 'cv' instead of relying on the default value. The default value will change from 3 to 5 in version 0.22.
  warnings.warn(CV_WARNING, FutureWarning)
Using TensorFlow backend.
WARNING:tensorflow:From /home/david/vp368cpu/lib/python3.6/site-packages/tensorflow/python/framework/op_def_library.py:263: colocate_with (from tensorflow.python.framework.ops) is deprecated and will be removed in a future version.
Instructions for updating:
Colocations handled automatically by placer.
Using TensorFlow backend.
WARNING:tensorflow:From /home/david/vp368cpu/lib/python3.6/site-packages/tensorflow/python/framework/op_def_library.py:263: colocate_with (from tensorflow.python.framework.ops) is deprecated and will be removed in a future version.
Instructions for updating:
Colocations handled automatically by placer.
Using TensorFlow backend.
WARNING:tensorflow:From /home/david/vp368cpu/lib/python3.6/site-packages/tensorflow/python/framework/op_def_library.py:263: colocate_with (from tensorflow.python.framework.ops) is deprecated and will be removed in a future version.
Instructions for updating:
Colocations handled automatically by placer.
Using TensorFlow backend.
WARNING:tensorflow:From /home/david/vp368cpu/lib/python3.6/site-packages/tensorflow/python/framework/op_def_library.py:263: colocate_with (from tensorflow.python.framework.ops) is deprecated and will be removed in a future version.
Instructions for updating:
Colocations handled automatically by placer.
Using TensorFlow backend.
WARNING:tensorflow:From /home/david/vp368cpu/lib/python3.6/site-packages/tensorflow/python/framework/op_def_library.py:263: colocate_with (from tensorflow.python.framework.ops) is deprecated and will be removed in a future version.
Instructions for updating:
Colocations handled automatically by placer.
Using TensorFlow backend.
WARNING:tensorflow:From /home/david/vp368cpu/lib/python3.6/site-packages/tensorflow/python/framework/op_def_library.py:263: colocate_with (from tensorflow.python.framework.ops) is deprecated and will be removed in a future version.
Instructions for updating:
Colocations handled automatically by placer.
Using TensorFlow backend.
WARNING:tensorflow:From /home/david/vp368cpu/lib/python3.6/site-packages/tensorflow/python/framework/op_def_library.py:263: colocate_with (from tensorflow.python.framework.ops) is deprecated and will be removed in a future version.
Instructions for updating:
Colocations handled automatically by placer.
Using TensorFlow backend.
WARNING:tensorflow:From /home/david/vp368cpu/lib/python3.6/site-packages/tensorflow/python/framework/op_def_library.py:263: colocate_with (from tensorflow.python.framework.ops) is deprecated and will be removed in a future version.
Instructions for updating:
Colocations handled automatically by placer.
Using TensorFlow backend.
WARNING:tensorflow:From /home/david/vp368cpu/lib/python3.6/site-packages/tensorflow/python/framework/op_def_library.py:263: colocate_with (from tensorflow.python.framework.ops) is deprecated and will be removed in a future version.
Instructions for updating:
Colocations handled automatically by placer.
Using TensorFlow backend.
WARNING:tensorflow:From /home/david/vp368cpu/lib/python3.6/site-packages/tensorflow/python/framework/op_def_library.py:263: colocate_with (from tensorflow.python.framework.ops) is deprecated and will be removed in a future version.
Instructions for updating:
Colocations handled automatically by placer.
Using TensorFlow backend.
WARNING:tensorflow:From /home/david/vp368cpu/lib/python3.6/site-packages/tensorflow/python/framework/op_def_library.py:263: colocate_with (from tensorflow.python.framework.ops) is deprecated and will be removed in a future version.
Instructions for updating:
Colocations handled automatically by placer.
Using TensorFlow backend.
WARNING:tensorflow:From /home/david/vp368cpu/lib/python3.6/site-packages/tensorflow/python/framework/op_def_library.py:263: colocate_with (from tensorflow.python.framework.ops) is deprecated and will be removed in a future version.
Instructions for updating:
Colocations handled automatically by placer.
Using TensorFlow backend.
WARNING:tensorflow:From /home/david/vp368cpu/lib/python3.6/site-packages/tensorflow/python/framework/op_def_library.py:263: colocate_with (from tensorflow.python.framework.ops) is deprecated and will be removed in a future version.
Instructions for updating:
Colocations handled automatically by placer.
Using TensorFlow backend.
WARNING:tensorflow:From /home/david/vp368cpu/lib/python3.6/site-packages/tensorflow/python/framework/op_def_library.py:263: colocate_with (from tensorflow.python.framework.ops) is deprecated and will be removed in a future version.
Instructions for updating:
Colocations handled automatically by placer.
Using TensorFlow backend.
WARNING:tensorflow:From /home/david/vp368cpu/lib/python3.6/site-packages/tensorflow/python/framework/op_def_library.py:263: colocate_with (from tensorflow.python.framework.ops) is deprecated and will be removed in a future version.
Instructions for updating:
Colocations handled automatically by placer.
WARNING:tensorflow:From /home/david/vp368cpu/lib/python3.6/site-packages/tensorflow/python/ops/math_ops.py:3066: to_int32 (from tensorflow.python.ops.math_ops) is deprecated and will be removed in a future version.
Instructions for updating:
Use tf.cast instead.
Using TensorFlow backend.
WARNING:tensorflow:From /home/david/vp368cpu/lib/python3.6/site-packages/tensorflow/python/framework/op_def_library.py:263: colocate_with (from tensorflow.python.framework.ops) is deprecated and will be removed in a future version.
Instructions for updating:
Colocations handled automatically by placer.
WARNING:tensorflow:From /home/david/vp368cpu/lib/python3.6/site-packages/tensorflow/python/ops/math_ops.py:3066: to_int32 (from tensorflow.python.ops.math_ops) is deprecated and will be removed in a future version.
Instructions for updating:
Use tf.cast instead.
WARNING:tensorflow:From /home/david/vp368cpu/lib/python3.6/site-packages/tensorflow/python/ops/math_ops.py:3066: to_int32 (from tensorflow.python.ops.math_ops) is deprecated and will be removed in a future version.
Instructions for updating:
Use tf.cast instead.
Using TensorFlow backend.
WARNING:tensorflow:From /home/david/vp368cpu/lib/python3.6/site-packages/tensorflow/python/framework/op_def_library.py:263: colocate_with (from tensorflow.python.framework.ops) is deprecated and will be removed in a future version.
Instructions for updating:
Colocations handled automatically by placer.
Using TensorFlow backend.
WARNING:tensorflow:From /home/david/vp368cpu/lib/python3.6/site-packages/tensorflow/python/framework/op_def_library.py:263: colocate_with (from tensorflow.python.framework.ops) is deprecated and will be removed in a future version.
Instructions for updating:
Colocations handled automatically by placer.
WARNING:tensorflow:From /home/david/vp368cpu/lib/python3.6/site-packages/tensorflow/python/ops/math_ops.py:3066: to_int32 (from tensorflow.python.ops.math_ops) is deprecated and will be removed in a future version.
Instructions for updating:
Use tf.cast instead.
Using TensorFlow backend.
WARNING:tensorflow:From /home/david/vp368cpu/lib/python3.6/site-packages/tensorflow/python/framework/op_def_library.py:263: colocate_with (from tensorflow.python.framework.ops) is deprecated and will be removed in a future version.
Instructions for updating:
Colocations handled automatically by placer.
WARNING:tensorflow:From /home/david/vp368cpu/lib/python3.6/site-packages/tensorflow/python/ops/math_ops.py:3066: to_int32 (from tensorflow.python.ops.math_ops) is deprecated and will be removed in a future version.
Instructions for updating:
Use tf.cast instead.
WARNING:tensorflow:From /home/david/vp368cpu/lib/python3.6/site-packages/tensorflow/python/ops/math_ops.py:3066: to_int32 (from tensorflow.python.ops.math_ops) is deprecated and will be removed in a future version.
Instructions for updating:
Use tf.cast instead.
WARNING:tensorflow:From /home/david/vp368cpu/lib/python3.6/site-packages/tensorflow/python/ops/math_ops.py:3066: to_int32 (from tensorflow.python.ops.math_ops) is deprecated and will be removed in a future version.
Instructions for updating:
Use tf.cast instead.
WARNING:tensorflow:From /home/david/vp368cpu/lib/python3.6/site-packages/tensorflow/python/ops/math_ops.py:3066: to_int32 (from tensorflow.python.ops.math_ops) is deprecated and will be removed in a future version.
Instructions for updating:
Use tf.cast instead.
WARNING:tensorflow:From /home/david/vp368cpu/lib/python3.6/site-packages/tensorflow/python/ops/math_ops.py:3066: to_int32 (from tensorflow.python.ops.math_ops) is deprecated and will be removed in a future version.
Instructions for updating:
Use tf.cast instead.
WARNING:tensorflow:From /home/david/vp368cpu/lib/python3.6/site-packages/tensorflow/python/ops/math_ops.py:3066: to_int32 (from tensorflow.python.ops.math_ops) is deprecated and will be removed in a future version.
Instructions for updating:
Use tf.cast instead.
WARNING:tensorflow:From /home/david/vp368cpu/lib/python3.6/site-packages/tensorflow/python/ops/math_ops.py:3066: to_int32 (from tensorflow.python.ops.math_ops) is deprecated and will be removed in a future version.
Instructions for updating:
Use tf.cast instead.
Using TensorFlow backend.
WARNING:tensorflow:From /home/david/vp368cpu/lib/python3.6/site-packages/tensorflow/python/framework/op_def_library.py:263: colocate_with (from tensorflow.python.framework.ops) is deprecated and will be removed in a future version.
Instructions for updating:
Colocations handled automatically by placer.
WARNING:tensorflow:From /home/david/vp368cpu/lib/python3.6/site-packages/tensorflow/python/ops/math_ops.py:3066: to_int32 (from tensorflow.python.ops.math_ops) is deprecated and will be removed in a future version.
Instructions for updating:
Use tf.cast instead.
WARNING:tensorflow:From /home/david/vp368cpu/lib/python3.6/site-packages/tensorflow/python/ops/math_ops.py:3066: to_int32 (from tensorflow.python.ops.math_ops) is deprecated and will be removed in a future version.
Instructions for updating:
Use tf.cast instead.
WARNING:tensorflow:From /home/david/vp368cpu/lib/python3.6/site-packages/tensorflow/python/ops/math_ops.py:3066: to_int32 (from tensorflow.python.ops.math_ops) is deprecated and will be removed in a future version.
Instructions for updating:
Use tf.cast instead.
WARNING:tensorflow:From /home/david/vp368cpu/lib/python3.6/site-packages/tensorflow/python/ops/math_ops.py:3066: to_int32 (from tensorflow.python.ops.math_ops) is deprecated and will be removed in a future version.
Instructions for updating:
Use tf.cast instead.
WARNING:tensorflow:From /home/david/vp368cpu/lib/python3.6/site-packages/tensorflow/python/ops/math_ops.py:3066: to_int32 (from tensorflow.python.ops.math_ops) is deprecated and will be removed in a future version.
Instructions for updating:
Use tf.cast instead.
WARNING:tensorflow:From /home/david/vp368cpu/lib/python3.6/site-packages/tensorflow/python/ops/math_ops.py:3066: to_int32 (from tensorflow.python.ops.math_ops) is deprecated and will be removed in a future version.
Instructions for updating:
Use tf.cast instead.
WARNING:tensorflow:From /home/david/vp368cpu/lib/python3.6/site-packages/tensorflow/python/ops/math_ops.py:3066: to_int32 (from tensorflow.python.ops.math_ops) is deprecated and will be removed in a future version.
Instructions for updating:
Use tf.cast instead.
WARNING:tensorflow:From /home/david/vp368cpu/lib/python3.6/site-packages/tensorflow/python/ops/math_ops.py:3066: to_int32 (from tensorflow.python.ops.math_ops) is deprecated and will be removed in a future version.
Instructions for updating:
Use tf.cast instead.
WARNING:tensorflow:From /home/david/vp368cpu/lib/python3.6/site-packages/tensorflow/python/ops/math_ops.py:3066: to_int32 (from tensorflow.python.ops.math_ops) is deprecated and will be removed in a future version.
Instructions for updating:
Use tf.cast instead.
2019-03-10 18:53:23.521496: I tensorflow/core/platform/profile_utils/cpu_utils.cc:94] CPU Frequency: 2199915000 Hz
2019-03-10 18:53:23.522231: I tensorflow/core/platform/profile_utils/cpu_utils.cc:94] CPU Frequency: 2199915000 Hz
2019-03-10 18:53:23.523140: I tensorflow/compiler/xla/service/service.cc:150] XLA service 0x3cf49d0 executing computations on platform Host. Devices:
2019-03-10 18:53:23.523195: I tensorflow/compiler/xla/service/service.cc:158]   StreamExecutor device (0): <undefined>, <undefined>
2019-03-10 18:53:23.526437: I tensorflow/core/platform/profile_utils/cpu_utils.cc:94] CPU Frequency: 2199915000 Hz
2019-03-10 18:53:23.527252: I tensorflow/compiler/xla/service/service.cc:150] XLA service 0x3cfb530 executing computations on platform Host. Devices:
2019-03-10 18:53:23.527281: I tensorflow/compiler/xla/service/service.cc:158]   StreamExecutor device (0): <undefined>, <undefined>
2019-03-10 18:53:23.532557: I tensorflow/compiler/xla/service/service.cc:150] XLA service 0x3cf5300 executing computations on platform Host. Devices:
2019-03-10 18:53:23.532587: I tensorflow/compiler/xla/service/service.cc:158]   StreamExecutor device (0): <undefined>, <undefined>
2019-03-10 18:53:23.569084: I tensorflow/core/platform/profile_utils/cpu_utils.cc:94] CPU Frequency: 2199915000 Hz
2019-03-10 18:53:23.570058: I tensorflow/compiler/xla/service/service.cc:150] XLA service 0x3cf4660 executing computations on platform Host. Devices:
2019-03-10 18:53:23.570108: I tensorflow/compiler/xla/service/service.cc:158]   StreamExecutor device (0): <undefined>, <undefined>
2019-03-10 18:53:23.585919: I tensorflow/core/platform/profile_utils/cpu_utils.cc:94] CPU Frequency: 2199915000 Hz
2019-03-10 18:53:23.591009: I tensorflow/core/platform/profile_utils/cpu_utils.cc:94] CPU Frequency: 2199915000 Hz
2019-03-10 18:53:23.591843: I tensorflow/compiler/xla/service/service.cc:150] XLA service 0x3cf4320 executing computations on platform Host. Devices:
2019-03-10 18:53:23.591869: I tensorflow/compiler/xla/service/service.cc:158]   StreamExecutor device (0): <undefined>, <undefined>
2019-03-10 18:53:23.592079: I tensorflow/core/platform/profile_utils/cpu_utils.cc:94] CPU Frequency: 2199915000 Hz
2019-03-10 18:53:23.592971: I tensorflow/compiler/xla/service/service.cc:150] XLA service 0x3cf50f0 executing computations on platform Host. Devices:
2019-03-10 18:53:23.592995: I tensorflow/compiler/xla/service/service.cc:158]   StreamExecutor device (0): <undefined>, <undefined>
2019-03-10 18:53:23.593289: I tensorflow/core/platform/profile_utils/cpu_utils.cc:94] CPU Frequency: 2199915000 Hz
2019-03-10 18:53:23.595087: I tensorflow/core/platform/profile_utils/cpu_utils.cc:94] CPU Frequency: 2199915000 Hz
2019-03-10 18:53:23.596082: I tensorflow/compiler/xla/service/service.cc:150] XLA service 0x3cf3f80 executing computations on platform Host. Devices:
2019-03-10 18:53:23.596108: I tensorflow/compiler/xla/service/service.cc:158]   StreamExecutor device (0): <undefined>, <undefined>
2019-03-10 18:53:23.597096: I tensorflow/core/platform/profile_utils/cpu_utils.cc:94] CPU Frequency: 2199915000 Hz
2019-03-10 18:53:23.598144: I tensorflow/compiler/xla/service/service.cc:150] XLA service 0x3cf41c0 executing computations on platform Host. Devices:
2019-03-10 18:53:23.598172: I tensorflow/compiler/xla/service/service.cc:158]   StreamExecutor device (0): <undefined>, <undefined>
2019-03-10 18:53:23.599483: I tensorflow/core/platform/profile_utils/cpu_utils.cc:94] CPU Frequency: 2199915000 Hz
2019-03-10 18:53:23.601107: I tensorflow/compiler/xla/service/service.cc:150] XLA service 0x3cfc040 executing computations on platform Host. Devices:
2019-03-10 18:53:23.601141: I tensorflow/compiler/xla/service/service.cc:158]   StreamExecutor device (0): <undefined>, <undefined>
2019-03-10 18:53:23.602040: I tensorflow/compiler/xla/service/service.cc:150] XLA service 0x3cf44c0 executing computations on platform Host. Devices:
2019-03-10 18:53:23.602077: I tensorflow/compiler/xla/service/service.cc:158]   StreamExecutor device (0): <undefined>, <undefined>
2019-03-10 18:53:23.603455: I tensorflow/core/platform/profile_utils/cpu_utils.cc:94] CPU Frequency: 2199915000 Hz
2019-03-10 18:53:23.604296: I tensorflow/compiler/xla/service/service.cc:150] XLA service 0x3cfb360 executing computations on platform Host. Devices:
2019-03-10 18:53:23.604325: I tensorflow/compiler/xla/service/service.cc:158]   StreamExecutor device (0): <undefined>, <undefined>
2019-03-10 18:53:23.605360: I tensorflow/core/platform/profile_utils/cpu_utils.cc:94] CPU Frequency: 2199915000 Hz
2019-03-10 18:53:23.606149: I tensorflow/compiler/xla/service/service.cc:150] XLA service 0x3cf3f40 executing computations on platform Host. Devices:
2019-03-10 18:53:23.606170: I tensorflow/compiler/xla/service/service.cc:158]   StreamExecutor device (0): <undefined>, <undefined>
2019-03-10 18:53:23.613838: I tensorflow/compiler/xla/service/service.cc:150] XLA service 0x3cf4bc0 executing computations on platform Host. Devices:
2019-03-10 18:53:23.613959: I tensorflow/compiler/xla/service/service.cc:158]   StreamExecutor device (0): <undefined>, <undefined>
2019-03-10 18:53:23.629118: I tensorflow/core/platform/profile_utils/cpu_utils.cc:94] CPU Frequency: 2199915000 Hz
2019-03-10 18:53:23.630057: I tensorflow/compiler/xla/service/service.cc:150] XLA service 0x3cf42f0 executing computations on platform Host. Devices:
2019-03-10 18:53:23.627085: I tensorflow/core/platform/profile_utils/cpu_utils.cc:94] CPU Frequency: 2199915000 Hz
2019-03-10 18:53:23.630083: I tensorflow/compiler/xla/service/service.cc:158]   StreamExecutor device (0): <undefined>, <undefined>
2019-03-10 18:53:23.639101: I tensorflow/compiler/xla/service/service.cc:150] XLA service 0x3cf4030 executing computations on platform Host. Devices:
2019-03-10 18:53:23.639150: I tensorflow/compiler/xla/service/service.cc:158]   StreamExecutor device (0): <undefined>, <undefined>
2019-03-10 18:53:23.640825: I tensorflow/core/platform/profile_utils/cpu_utils.cc:94] CPU Frequency: 2199915000 Hz
2019-03-10 18:53:23.641737: I tensorflow/compiler/xla/service/service.cc:150] XLA service 0x3cf51b0 executing computations on platform Host. Devices:
2019-03-10 18:53:23.641762: I tensorflow/compiler/xla/service/service.cc:158]   StreamExecutor device (0): <undefined>, <undefined>
2019-03-10 18:53:23.651944: I tensorflow/core/platform/profile_utils/cpu_utils.cc:94] CPU Frequency: 2199915000 Hz
2019-03-10 18:53:23.652772: I tensorflow/compiler/xla/service/service.cc:150] XLA service 0x3cf5140 executing computations on platform Host. Devices:
2019-03-10 18:53:23.652819: I tensorflow/compiler/xla/service/service.cc:158]   StreamExecutor device (0): <undefined>, <undefined>
2019-03-10 18:53:23.667926: I tensorflow/core/platform/profile_utils/cpu_utils.cc:94] CPU Frequency: 2199915000 Hz
2019-03-10 18:53:23.670216: I tensorflow/compiler/xla/service/service.cc:150] XLA service 0x3cf46d0 executing computations on platform Host. Devices:
2019-03-10 18:53:23.670242: I tensorflow/compiler/xla/service/service.cc:158]   StreamExecutor device (0): <undefined>, <undefined>
2019-03-10 18:53:23.782633: I tensorflow/core/platform/profile_utils/cpu_utils.cc:94] CPU Frequency: 2199915000 Hz
2019-03-10 18:53:23.786247: I tensorflow/compiler/xla/service/service.cc:150] XLA service 0x3d48cb0 executing computations on platform Host. Devices:
2019-03-10 18:53:23.786310: I tensorflow/compiler/xla/service/service.cc:158]   StreamExecutor device (0): <undefined>, <undefined>
2019-03-10 18:53:23.803665: I tensorflow/core/platform/profile_utils/cpu_utils.cc:94] CPU Frequency: 2199915000 Hz
2019-03-10 18:53:23.804416: I tensorflow/compiler/xla/service/service.cc:150] XLA service 0x3d49220 executing computations on platform Host. Devices:
2019-03-10 18:53:23.804440: I tensorflow/compiler/xla/service/service.cc:158]   StreamExecutor device (0): <undefined>, <undefined>
WARNING:tensorflow:From /home/david/vp368cpu/lib/python3.6/site-packages/tensorflow/python/framework/op_def_library.py:263: colocate_with (from tensorflow.python.framework.ops) is deprecated and will be removed in a future version.
Instructions for updating:
Colocations handled automatically by placer.
WARNING:tensorflow:From /home/david/vp368cpu/lib/python3.6/site-packages/tensorflow/python/ops/math_ops.py:3066: to_int32 (from tensorflow.python.ops.math_ops) is deprecated and will be removed in a future version.
Instructions for updating:
Use tf.cast instead.
2019-03-10 20:38:53.289174: I tensorflow/core/platform/profile_utils/cpu_utils.cc:94] CPU Frequency: 2199915000 Hz
2019-03-10 20:38:53.290407: I tensorflow/compiler/xla/service/service.cc:150] XLA service 0x5e08e20 executing computations on platform Host. Devices:
2019-03-10 20:38:53.290472: I tensorflow/compiler/xla/service/service.cc:158]   StreamExecutor device (0): <undefined>, <undefined>
Best: 15.428804 using {'activation': 'softsign'}
-1.252271 (19.863773) with: {'activation': 'softmax'}
-1.252271 (19.863773) with: {'activation': 'softplus'}
15.428804 (0.216335) with: {'activation': 'softsign'}
15.291648 (0.133774) with: {'activation': 'relu'}
15.301320 (0.259877) with: {'activation': 'tanh'}
-14.579789 (20.764468) with: {'activation': 'sigmoid'}
13.685735 (0.970541) with: {'activation': 'hard_sigmoid'}
15.255020 (0.192685) with: {'activation': 'linear'}
Time passed: 2hour:33min:46sec

real	153m49.123s
user	1566m17.131s
sys	328m33.712s
