Running on host node005
Time is Qua Mar 20 05:17:55 -03 2019
Directory is /home/david/git-repos/jobs
Slurm job ID is 5094
This job runs on the following machines:
node005
Running /home/david/vp368cpu/bin/python /home/david/git-repos/jobs/tuning_regression_precipitation_W4.py
Using TensorFlow backend.
Using TensorFlow backend.
WARNING:tensorflow:From /home/david/vp368cpu/lib/python3.6/site-packages/tensorflow/python/framework/op_def_library.py:263: colocate_with (from tensorflow.python.framework.ops) is deprecated and will be removed in a future version.
Instructions for updating:
Colocations handled automatically by placer.
Using TensorFlow backend.
WARNING:tensorflow:From /home/david/vp368cpu/lib/python3.6/site-packages/tensorflow/python/framework/op_def_library.py:263: colocate_with (from tensorflow.python.framework.ops) is deprecated and will be removed in a future version.
Instructions for updating:
Colocations handled automatically by placer.
Using TensorFlow backend.
WARNING:tensorflow:From /home/david/vp368cpu/lib/python3.6/site-packages/tensorflow/python/framework/op_def_library.py:263: colocate_with (from tensorflow.python.framework.ops) is deprecated and will be removed in a future version.
Instructions for updating:
Colocations handled automatically by placer.
Using TensorFlow backend.
WARNING:tensorflow:From /home/david/vp368cpu/lib/python3.6/site-packages/tensorflow/python/framework/op_def_library.py:263: colocate_with (from tensorflow.python.framework.ops) is deprecated and will be removed in a future version.
Instructions for updating:
Colocations handled automatically by placer.
Using TensorFlow backend.
WARNING:tensorflow:From /home/david/vp368cpu/lib/python3.6/site-packages/tensorflow/python/framework/op_def_library.py:263: colocate_with (from tensorflow.python.framework.ops) is deprecated and will be removed in a future version.
Instructions for updating:
Colocations handled automatically by placer.
WARNING:tensorflow:From /home/david/vp368cpu/lib/python3.6/site-packages/tensorflow/python/ops/math_ops.py:3066: to_int32 (from tensorflow.python.ops.math_ops) is deprecated and will be removed in a future version.
Instructions for updating:
Use tf.cast instead.
Using TensorFlow backend.
WARNING:tensorflow:From /home/david/vp368cpu/lib/python3.6/site-packages/tensorflow/python/framework/op_def_library.py:263: colocate_with (from tensorflow.python.framework.ops) is deprecated and will be removed in a future version.
Instructions for updating:
Colocations handled automatically by placer.
WARNING:tensorflow:From /home/david/vp368cpu/lib/python3.6/site-packages/tensorflow/python/ops/math_ops.py:3066: to_int32 (from tensorflow.python.ops.math_ops) is deprecated and will be removed in a future version.
Instructions for updating:
Use tf.cast instead.
Using TensorFlow backend.
WARNING:tensorflow:From /home/david/vp368cpu/lib/python3.6/site-packages/tensorflow/python/framework/op_def_library.py:263: colocate_with (from tensorflow.python.framework.ops) is deprecated and will be removed in a future version.
Instructions for updating:
Colocations handled automatically by placer.
Using TensorFlow backend.
WARNING:tensorflow:From /home/david/vp368cpu/lib/python3.6/site-packages/tensorflow/python/framework/op_def_library.py:263: colocate_with (from tensorflow.python.framework.ops) is deprecated and will be removed in a future version.
Instructions for updating:
Colocations handled automatically by placer.
Using TensorFlow backend.
WARNING:tensorflow:From /home/david/vp368cpu/lib/python3.6/site-packages/tensorflow/python/framework/op_def_library.py:263: colocate_with (from tensorflow.python.framework.ops) is deprecated and will be removed in a future version.
Instructions for updating:
Colocations handled automatically by placer.
Using TensorFlow backend.
WARNING:tensorflow:From /home/david/vp368cpu/lib/python3.6/site-packages/tensorflow/python/framework/op_def_library.py:263: colocate_with (from tensorflow.python.framework.ops) is deprecated and will be removed in a future version.
Instructions for updating:
Colocations handled automatically by placer.
Using TensorFlow backend.
WARNING:tensorflow:From /home/david/vp368cpu/lib/python3.6/site-packages/tensorflow/python/framework/op_def_library.py:263: colocate_with (from tensorflow.python.framework.ops) is deprecated and will be removed in a future version.
Instructions for updating:
Colocations handled automatically by placer.
WARNING:tensorflow:From /home/david/vp368cpu/lib/python3.6/site-packages/tensorflow/python/ops/math_ops.py:3066: to_int32 (from tensorflow.python.ops.math_ops) is deprecated and will be removed in a future version.
Instructions for updating:
Use tf.cast instead.
WARNING:tensorflow:From /home/david/vp368cpu/lib/python3.6/site-packages/tensorflow/python/ops/math_ops.py:3066: to_int32 (from tensorflow.python.ops.math_ops) is deprecated and will be removed in a future version.
Instructions for updating:
Use tf.cast instead.
WARNING:tensorflow:From /home/david/vp368cpu/lib/python3.6/site-packages/tensorflow/python/ops/math_ops.py:3066: to_int32 (from tensorflow.python.ops.math_ops) is deprecated and will be removed in a future version.
Instructions for updating:
Use tf.cast instead.
Using TensorFlow backend.
WARNING:tensorflow:From /home/david/vp368cpu/lib/python3.6/site-packages/tensorflow/python/framework/op_def_library.py:263: colocate_with (from tensorflow.python.framework.ops) is deprecated and will be removed in a future version.
Instructions for updating:
Colocations handled automatically by placer.
Using TensorFlow backend.
WARNING:tensorflow:From /home/david/vp368cpu/lib/python3.6/site-packages/tensorflow/python/framework/op_def_library.py:263: colocate_with (from tensorflow.python.framework.ops) is deprecated and will be removed in a future version.
Instructions for updating:
Colocations handled automatically by placer.
Using TensorFlow backend.
WARNING:tensorflow:From /home/david/vp368cpu/lib/python3.6/site-packages/tensorflow/python/framework/op_def_library.py:263: colocate_with (from tensorflow.python.framework.ops) is deprecated and will be removed in a future version.
Instructions for updating:
Colocations handled automatically by placer.
Using TensorFlow backend.
WARNING:tensorflow:From /home/david/vp368cpu/lib/python3.6/site-packages/tensorflow/python/framework/op_def_library.py:263: colocate_with (from tensorflow.python.framework.ops) is deprecated and will be removed in a future version.
Instructions for updating:
Colocations handled automatically by placer.
Using TensorFlow backend.
WARNING:tensorflow:From /home/david/vp368cpu/lib/python3.6/site-packages/tensorflow/python/framework/op_def_library.py:263: colocate_with (from tensorflow.python.framework.ops) is deprecated and will be removed in a future version.
Instructions for updating:
Colocations handled automatically by placer.
Using TensorFlow backend.
WARNING:tensorflow:From /home/david/vp368cpu/lib/python3.6/site-packages/tensorflow/python/framework/op_def_library.py:263: colocate_with (from tensorflow.python.framework.ops) is deprecated and will be removed in a future version.
Instructions for updating:
Colocations handled automatically by placer.
Using TensorFlow backend.
WARNING:tensorflow:From /home/david/vp368cpu/lib/python3.6/site-packages/tensorflow/python/framework/op_def_library.py:263: colocate_with (from tensorflow.python.framework.ops) is deprecated and will be removed in a future version.
Instructions for updating:
Colocations handled automatically by placer.
WARNING:tensorflow:From /home/david/vp368cpu/lib/python3.6/site-packages/tensorflow/python/ops/math_ops.py:3066: to_int32 (from tensorflow.python.ops.math_ops) is deprecated and will be removed in a future version.
Instructions for updating:
Use tf.cast instead.
Using TensorFlow backend.
WARNING:tensorflow:From /home/david/vp368cpu/lib/python3.6/site-packages/tensorflow/python/framework/op_def_library.py:263: colocate_with (from tensorflow.python.framework.ops) is deprecated and will be removed in a future version.
Instructions for updating:
Colocations handled automatically by placer.
Using TensorFlow backend.
WARNING:tensorflow:From /home/david/vp368cpu/lib/python3.6/site-packages/tensorflow/python/framework/op_def_library.py:263: colocate_with (from tensorflow.python.framework.ops) is deprecated and will be removed in a future version.
Instructions for updating:
Colocations handled automatically by placer.
WARNING:tensorflow:From /home/david/vp368cpu/lib/python3.6/site-packages/tensorflow/python/ops/math_ops.py:3066: to_int32 (from tensorflow.python.ops.math_ops) is deprecated and will be removed in a future version.
Instructions for updating:
Use tf.cast instead.
WARNING:tensorflow:From /home/david/vp368cpu/lib/python3.6/site-packages/tensorflow/python/ops/math_ops.py:3066: to_int32 (from tensorflow.python.ops.math_ops) is deprecated and will be removed in a future version.
Instructions for updating:
Use tf.cast instead.
WARNING:tensorflow:From /home/david/vp368cpu/lib/python3.6/site-packages/tensorflow/python/ops/math_ops.py:3066: to_int32 (from tensorflow.python.ops.math_ops) is deprecated and will be removed in a future version.
Instructions for updating:
Use tf.cast instead.
WARNING:tensorflow:From /home/david/vp368cpu/lib/python3.6/site-packages/tensorflow/python/ops/math_ops.py:3066: to_int32 (from tensorflow.python.ops.math_ops) is deprecated and will be removed in a future version.
Instructions for updating:
Use tf.cast instead.
WARNING:tensorflow:From /home/david/vp368cpu/lib/python3.6/site-packages/tensorflow/python/ops/math_ops.py:3066: to_int32 (from tensorflow.python.ops.math_ops) is deprecated and will be removed in a future version.
Instructions for updating:
Use tf.cast instead.
WARNING:tensorflow:From /home/david/vp368cpu/lib/python3.6/site-packages/tensorflow/python/ops/math_ops.py:3066: to_int32 (from tensorflow.python.ops.math_ops) is deprecated and will be removed in a future version.
Instructions for updating:
Use tf.cast instead.
WARNING:tensorflow:From /home/david/vp368cpu/lib/python3.6/site-packages/tensorflow/python/ops/math_ops.py:3066: to_int32 (from tensorflow.python.ops.math_ops) is deprecated and will be removed in a future version.
Instructions for updating:
Use tf.cast instead.
WARNING:tensorflow:From /home/david/vp368cpu/lib/python3.6/site-packages/tensorflow/python/ops/math_ops.py:3066: to_int32 (from tensorflow.python.ops.math_ops) is deprecated and will be removed in a future version.
Instructions for updating:
Use tf.cast instead.
2019-03-20 05:18:04.870590: I tensorflow/core/platform/profile_utils/cpu_utils.cc:94] CPU Frequency: 2200100000 Hz
2019-03-20 05:18:04.871277: I tensorflow/compiler/xla/service/service.cc:150] XLA service 0x3ccae10 executing computations on platform Host. Devices:
2019-03-20 05:18:04.871300: I tensorflow/compiler/xla/service/service.cc:158]   StreamExecutor device (0): <undefined>, <undefined>
WARNING:tensorflow:From /home/david/vp368cpu/lib/python3.6/site-packages/tensorflow/python/ops/math_ops.py:3066: to_int32 (from tensorflow.python.ops.math_ops) is deprecated and will be removed in a future version.
Instructions for updating:
Use tf.cast instead.
WARNING:tensorflow:From /home/david/vp368cpu/lib/python3.6/site-packages/tensorflow/python/ops/math_ops.py:3066: to_int32 (from tensorflow.python.ops.math_ops) is deprecated and will be removed in a future version.
Instructions for updating:
Use tf.cast instead.
WARNING:tensorflow:From /home/david/vp368cpu/lib/python3.6/site-packages/tensorflow/python/ops/math_ops.py:3066: to_int32 (from tensorflow.python.ops.math_ops) is deprecated and will be removed in a future version.
Instructions for updating:
Use tf.cast instead.
WARNING:tensorflow:From /home/david/vp368cpu/lib/python3.6/site-packages/tensorflow/python/ops/math_ops.py:3066: to_int32 (from tensorflow.python.ops.math_ops) is deprecated and will be removed in a future version.
Instructions for updating:
Use tf.cast instead.
2019-03-20 05:18:04.898869: I tensorflow/core/platform/profile_utils/cpu_utils.cc:94] CPU Frequency: 2200100000 Hz
2019-03-20 05:18:04.899557: I tensorflow/compiler/xla/service/service.cc:150] XLA service 0x3cc98d0 executing computations on platform Host. Devices:
2019-03-20 05:18:04.899587: I tensorflow/compiler/xla/service/service.cc:158]   StreamExecutor device (0): <undefined>, <undefined>
WARNING:tensorflow:From /home/david/vp368cpu/lib/python3.6/site-packages/tensorflow/python/ops/math_ops.py:3066: to_int32 (from tensorflow.python.ops.math_ops) is deprecated and will be removed in a future version.
Instructions for updating:
Use tf.cast instead.
WARNING:tensorflow:From /home/david/vp368cpu/lib/python3.6/site-packages/tensorflow/python/ops/math_ops.py:3066: to_int32 (from tensorflow.python.ops.math_ops) is deprecated and will be removed in a future version.
Instructions for updating:
Use tf.cast instead.
2019-03-20 05:18:04.932120: I tensorflow/core/platform/profile_utils/cpu_utils.cc:94] CPU Frequency: 2200100000 Hz
2019-03-20 05:18:04.932787: I tensorflow/compiler/xla/service/service.cc:150] XLA service 0x3ccad70 executing computations on platform Host. Devices:
2019-03-20 05:18:04.932809: I tensorflow/compiler/xla/service/service.cc:158]   StreamExecutor device (0): <undefined>, <undefined>
2019-03-20 05:18:04.939691: I tensorflow/core/platform/profile_utils/cpu_utils.cc:94] CPU Frequency: 2200100000 Hz
2019-03-20 05:18:04.940679: I tensorflow/compiler/xla/service/service.cc:150] XLA service 0x3cca690 executing computations on platform Host. Devices:
2019-03-20 05:18:04.940724: I tensorflow/compiler/xla/service/service.cc:158]   StreamExecutor device (0): <undefined>, <undefined>
2019-03-20 05:18:04.941182: I tensorflow/core/platform/profile_utils/cpu_utils.cc:94] CPU Frequency: 2200100000 Hz
2019-03-20 05:18:04.946454: I tensorflow/compiler/xla/service/service.cc:150] XLA service 0x3cca130 executing computations on platform Host. Devices:
2019-03-20 05:18:04.946484: I tensorflow/compiler/xla/service/service.cc:158]   StreamExecutor device (0): <undefined>, <undefined>
2019-03-20 05:18:04.989714: I tensorflow/core/platform/profile_utils/cpu_utils.cc:94] CPU Frequency: 2200100000 Hz
2019-03-20 05:18:04.990776: I tensorflow/compiler/xla/service/service.cc:150] XLA service 0x3cca600 executing computations on platform Host. Devices:
2019-03-20 05:18:04.990831: I tensorflow/compiler/xla/service/service.cc:158]   StreamExecutor device (0): <undefined>, <undefined>
2019-03-20 05:18:05.027910: I tensorflow/core/platform/profile_utils/cpu_utils.cc:94] CPU Frequency: 2200100000 Hz
2019-03-20 05:18:05.029055: I tensorflow/compiler/xla/service/service.cc:150] XLA service 0x3ccaf20 executing computations on platform Host. Devices:
2019-03-20 05:18:05.029100: I tensorflow/compiler/xla/service/service.cc:158]   StreamExecutor device (0): <undefined>, <undefined>
2019-03-20 05:18:05.030300: I tensorflow/core/platform/profile_utils/cpu_utils.cc:94] CPU Frequency: 2200100000 Hz
2019-03-20 05:18:05.031241: I tensorflow/compiler/xla/service/service.cc:150] XLA service 0x3ccaae0 executing computations on platform Host. Devices:
2019-03-20 05:18:05.031266: I tensorflow/compiler/xla/service/service.cc:158]   StreamExecutor device (0): <undefined>, <undefined>
2019-03-20 05:18:05.036881: I tensorflow/core/platform/profile_utils/cpu_utils.cc:94] CPU Frequency: 2200100000 Hz
2019-03-20 05:18:05.037929: I tensorflow/compiler/xla/service/service.cc:150] XLA service 0x3ccac00 executing computations on platform Host. Devices:
2019-03-20 05:18:05.037956: I tensorflow/compiler/xla/service/service.cc:158]   StreamExecutor device (0): <undefined>, <undefined>
2019-03-20 05:18:05.039694: I tensorflow/core/platform/profile_utils/cpu_utils.cc:94] CPU Frequency: 2200100000 Hz
2019-03-20 05:18:05.040635: I tensorflow/compiler/xla/service/service.cc:150] XLA service 0x3ccb3c0 executing computations on platform Host. Devices:
2019-03-20 05:18:05.040659: I tensorflow/compiler/xla/service/service.cc:158]   StreamExecutor device (0): <undefined>, <undefined>
2019-03-20 05:18:05.052768: I tensorflow/core/platform/profile_utils/cpu_utils.cc:94] CPU Frequency: 2200100000 Hz
2019-03-20 05:18:05.053886: I tensorflow/compiler/xla/service/service.cc:150] XLA service 0x3cca910 executing computations on platform Host. Devices:
2019-03-20 05:18:05.053923: I tensorflow/compiler/xla/service/service.cc:158]   StreamExecutor device (0): <undefined>, <undefined>
2019-03-20 05:18:05.070099: I tensorflow/core/platform/profile_utils/cpu_utils.cc:94] CPU Frequency: 2200100000 Hz
2019-03-20 05:18:05.071318: I tensorflow/compiler/xla/service/service.cc:150] XLA service 0x3ccaf90 executing computations on platform Host. Devices:
2019-03-20 05:18:05.071374: I tensorflow/compiler/xla/service/service.cc:158]   StreamExecutor device (0): <undefined>, <undefined>
2019-03-20 05:18:05.072680: I tensorflow/core/platform/profile_utils/cpu_utils.cc:94] CPU Frequency: 2200100000 Hz
2019-03-20 05:18:05.075347: I tensorflow/core/platform/profile_utils/cpu_utils.cc:94] CPU Frequency: 2200100000 Hz
2019-03-20 05:18:05.076461: I tensorflow/compiler/xla/service/service.cc:150] XLA service 0x3ccb620 executing computations on platform Host. Devices:
2019-03-20 05:18:05.076486: I tensorflow/compiler/xla/service/service.cc:158]   StreamExecutor device (0): <undefined>, <undefined>
2019-03-20 05:18:05.089775: I tensorflow/compiler/xla/service/service.cc:150] XLA service 0x3cca660 executing computations on platform Host. Devices:
2019-03-20 05:18:05.089820: I tensorflow/compiler/xla/service/service.cc:158]   StreamExecutor device (0): <undefined>, <undefined>
2019-03-20 05:18:05.098019: I tensorflow/core/platform/profile_utils/cpu_utils.cc:94] CPU Frequency: 2200100000 Hz
2019-03-20 05:18:05.099052: I tensorflow/compiler/xla/service/service.cc:150] XLA service 0x3ccb610 executing computations on platform Host. Devices:
2019-03-20 05:18:05.099077: I tensorflow/compiler/xla/service/service.cc:158]   StreamExecutor device (0): <undefined>, <undefined>
2019-03-20 05:18:05.106496: I tensorflow/core/platform/profile_utils/cpu_utils.cc:94] CPU Frequency: 2200100000 Hz
2019-03-20 05:18:05.106920: I tensorflow/core/platform/profile_utils/cpu_utils.cc:94] CPU Frequency: 2200100000 Hz
2019-03-20 05:18:05.108179: I tensorflow/compiler/xla/service/service.cc:150] XLA service 0x3cca450 executing computations on platform Host. Devices:
2019-03-20 05:18:05.108241: I tensorflow/compiler/xla/service/service.cc:158]   StreamExecutor device (0): <undefined>, <undefined>
2019-03-20 05:18:05.108309: I tensorflow/compiler/xla/service/service.cc:150] XLA service 0x3cca8f0 executing computations on platform Host. Devices:
2019-03-20 05:18:05.108334: I tensorflow/compiler/xla/service/service.cc:158]   StreamExecutor device (0): <undefined>, <undefined>
2019-03-20 05:18:05.120520: I tensorflow/core/platform/profile_utils/cpu_utils.cc:94] CPU Frequency: 2200100000 Hz
2019-03-20 05:18:05.124119: I tensorflow/compiler/xla/service/service.cc:150] XLA service 0x3ccb360 executing computations on platform Host. Devices:
2019-03-20 05:18:05.124145: I tensorflow/compiler/xla/service/service.cc:158]   StreamExecutor device (0): <undefined>, <undefined>
2019-03-20 05:18:05.127591: I tensorflow/core/platform/profile_utils/cpu_utils.cc:94] CPU Frequency: 2200100000 Hz
2019-03-20 05:18:05.128502: I tensorflow/compiler/xla/service/service.cc:150] XLA service 0x3cca450 executing computations on platform Host. Devices:
2019-03-20 05:18:05.128527: I tensorflow/compiler/xla/service/service.cc:158]   StreamExecutor device (0): <undefined>, <undefined>
2019-03-20 05:18:05.168642: I tensorflow/core/platform/profile_utils/cpu_utils.cc:94] CPU Frequency: 2200100000 Hz
2019-03-20 05:18:05.185535: I tensorflow/compiler/xla/service/service.cc:150] XLA service 0x3cca900 executing computations on platform Host. Devices:
2019-03-20 05:18:05.185591: I tensorflow/compiler/xla/service/service.cc:158]   StreamExecutor device (0): <undefined>, <undefined>
WARNING:tensorflow:From /home/david/vp368cpu/lib/python3.6/site-packages/tensorflow/python/framework/op_def_library.py:263: colocate_with (from tensorflow.python.framework.ops) is deprecated and will be removed in a future version.
Instructions for updating:
Colocations handled automatically by placer.
WARNING:tensorflow:From /home/david/vp368cpu/lib/python3.6/site-packages/tensorflow/python/ops/math_ops.py:3066: to_int32 (from tensorflow.python.ops.math_ops) is deprecated and will be removed in a future version.
Instructions for updating:
Use tf.cast instead.
2019-03-20 11:08:30.485644: I tensorflow/core/platform/profile_utils/cpu_utils.cc:94] CPU Frequency: 2200100000 Hz
2019-03-20 11:08:30.486591: I tensorflow/compiler/xla/service/service.cc:150] XLA service 0x377d6e0 executing computations on platform Host. Devices:
2019-03-20 11:08:30.486625: I tensorflow/compiler/xla/service/service.cc:158]   StreamExecutor device (0): <undefined>, <undefined>
Time passed: 6hour:23min:16sec

real	383m19.828s
user	5825m5.923s
sys	921m25.798s
